#
# There is insufficient memory for the Java Runtime Environment to continue.
# Native memory allocation (malloc) failed to allocate 186496 bytes for Chunk::new
# Possible reasons:
#   The system is out of physical RAM or swap space
#   The process is running with CompressedOops enabled, and the Java Heap may be blocking the growth of the native heap
# Possible solutions:
#   Reduce memory load on the system
#   Increase physical memory or swap space
#   Check if swap backing store is full
#   Decrease Java heap size (-Xmx/-Xms)
#   Decrease number of Java threads
#   Decrease Java thread stack sizes (-Xss)
#   Set larger code cache with -XX:ReservedCodeCacheSize=
#   JVM is running with Unscaled Compressed Oops mode in which the Java heap is
#     placed in the first 4GB address space. The Java Heap base address is the
#     maximum limit for the native heap growth. Please use -XX:HeapBaseMinAddress
#     to set the Java Heap base and to place the Java Heap above 4GB virtual address.
# This output file may be truncated or incomplete.
#
#  Out of Memory Error (./src/hotspot/share/memory/arena.cpp:197), pid=22096, tid=13760
#
# JRE version: OpenJDK Runtime Environment (11.0.10) (build 11.0.10+0-b96-7249189)
# Java VM: OpenJDK 64-Bit Server VM (11.0.10+0-b96-7249189, mixed mode, tiered, compressed oops, g1 gc, windows-amd64)
# No core dump will be written. Minidumps are not enabled by default on client versions of Windows
#

---------------  S U M M A R Y ------------

Command Line: -Xmx64m -Xms64m -Dorg.gradle.appname=gradlew org.gradle.wrapper.GradleWrapperMain app:installDebug -PreactNativeDevServerPort=8081

Host: Intel(R) Core(TM) i7-7500U CPU @ 2.70GHz, 4 cores, 15G,  Windows 10 , 64 bit Build 19041 (10.0.19041.1348)
Time: Thu Dec  9 10:46:10 2021 Hora oficial do Brasil elapsed time: 0.875427 seconds (0d 0h 0m 0s)

---------------  T H R E A D  ---------------

Current thread (0x000001f991101800):  JavaThread "C2 CompilerThread1" daemon [_thread_in_native, id=13760, stack(0x0000005b14500000,0x0000005b14600000)]


Current CompileTask:
C2:    875  838  s!   4       jdk.internal.loader.URLClassPath::getLoader (194 bytes)

Stack: [0x0000005b14500000,0x0000005b14600000]
Native frames: (J=compiled Java code, j=interpreted, Vv=VM code, C=native code)
V  [jvm.dll+0x5ecfaa]
V  [jvm.dll+0x722bd5]
V  [jvm.dll+0x72412d]
V  [jvm.dll+0x7247e3]
V  [jvm.dll+0x242928]
V  [jvm.dll+0xbc4fc]
V  [jvm.dll+0xbca0c]
V  [jvm.dll+0x2b4fd4]
V  [jvm.dll+0x506028]
V  [jvm.dll+0x1fc985]
V  [jvm.dll+0x1fa77f]
V  [jvm.dll+0x18354c]
V  [jvm.dll+0x208ee7]
V  [jvm.dll+0x207731]
V  [jvm.dll+0x6eb1cf]
V  [jvm.dll+0x6e3d45]
V  [jvm.dll+0x5ebe96]
C  [ucrtbase.dll+0x21bb2]
C  [KERNEL32.DLL+0x17034]
C  [ntdll.dll+0x52651]


---------------  P R O C E S S  ---------------

Threads class SMR info:
_java_thread_list=0x000001f9ff571770, length=11, elements={
0x000001f9f9d9b800, 0x000001f9fee5d000, 0x000001f9fee68800, 0x000001f9feebb000,
0x000001f9feebf000, 0x000001f9feec1000, 0x000001f9feec4000, 0x000001f9feec7000,
0x000001f9feed0000, 0x000001f9ff172000, 0x000001f991101800
}

Java Threads: ( => current thread )
  0x000001f9f9d9b800 JavaThread "main" [_thread_in_native, id=12904, stack(0x0000005b13300000,0x0000005b13400000)]
  0x000001f9fee5d000 JavaThread "Reference Handler" daemon [_thread_blocked, id=7776, stack(0x0000005b13a00000,0x0000005b13b00000)]
  0x000001f9fee68800 JavaThread "Finalizer" daemon [_thread_blocked, id=2152, stack(0x0000005b13b00000,0x0000005b13c00000)]
  0x000001f9feebb000 JavaThread "Signal Dispatcher" daemon [_thread_blocked, id=7284, stack(0x0000005b13c00000,0x0000005b13d00000)]
  0x000001f9feebf000 JavaThread "Attach Listener" daemon [_thread_blocked, id=9520, stack(0x0000005b13d00000,0x0000005b13e00000)]
  0x000001f9feec1000 JavaThread "Service Thread" daemon [_thread_blocked, id=20928, stack(0x0000005b13e00000,0x0000005b13f00000)]
  0x000001f9feec4000 JavaThread "C2 CompilerThread0" daemon [_thread_in_native, id=2580, stack(0x0000005b13f00000,0x0000005b14000000)]
  0x000001f9feec7000 JavaThread "C1 CompilerThread0" daemon [_thread_blocked, id=13344, stack(0x0000005b14000000,0x0000005b14100000)]
  0x000001f9feed0000 JavaThread "Sweeper thread" daemon [_thread_blocked, id=6488, stack(0x0000005b14100000,0x0000005b14200000)]
  0x000001f9ff172000 JavaThread "Common-Cleaner" daemon [_thread_blocked, id=10344, stack(0x0000005b14300000,0x0000005b14400000)]
=>0x000001f991101800 JavaThread "C2 CompilerThread1" daemon [_thread_in_native, id=13760, stack(0x0000005b14500000,0x0000005b14600000)]

Other Threads:
  0x000001f9fee36800 VMThread "VM Thread" [stack: 0x0000005b13900000,0x0000005b13a00000] [id=13644]
  0x000001f9ff169000 WatcherThread [stack: 0x0000005b14200000,0x0000005b14300000] [id=12616]
  0x000001f9f9db3000 GCTaskThread "GC Thread#0" [stack: 0x0000005b13400000,0x0000005b13500000] [id=10828]
  0x000001f9ff3dc800 GCTaskThread "GC Thread#1" [stack: 0x0000005b14400000,0x0000005b14500000] [id=12396]
  0x000001f9f9db9000 ConcurrentGCThread "G1 Main Marker" [stack: 0x0000005b13500000,0x0000005b13600000] [id=10720]
  0x000001f9f9dbb800 ConcurrentGCThread "G1 Conc#0" [stack: 0x0000005b13600000,0x0000005b13700000] [id=14540]
  0x000001f9f9e10800 ConcurrentGCThread "G1 Refine#0" [stack: 0x0000005b13700000,0x0000005b13800000] [id=14588]
  0x000001f9f9e11800 ConcurrentGCThread "G1 Young RemSet Sampling" [stack: 0x0000005b13800000,0x0000005b13900000] [id=12516]

Threads with active compile tasks:
C2 CompilerThread0    907  834   !   4       jdk.internal.loader.URLClassPath$JarLoader::getResource (65 bytes)
C2 CompilerThread1    907  838  s!   4       jdk.internal.loader.URLClassPath::getLoader (194 bytes)

VM state:not at safepoint (normal execution)

VM Mutex/Monitor currently owned by a thread: None

Heap address: 0x00000000fc000000, size: 64 MB, Compressed Oops mode: 32-bit
Narrow klass base: 0x0000000000000000, Narrow klass shift: 3
Compressed class space size: 1073741824 Address: 0x0000000100000000

Heap:
 garbage-first heap   total 65536K, used 15580K [0x00000000fc000000, 0x0000000100000000)
  region size 1024K, 10 young (10240K), 2 survivors (2048K)
 Metaspace       used 10674K, capacity 10947K, committed 11264K, reserved 1058816K
  class space    used 1113K, capacity 1199K, committed 1280K, reserved 1048576K
Heap Regions: E=young(eden), S=young(survivor), O=old, HS=humongous(starts), HC=humongous(continues), CS=collection set, F=free, A=archive, TAMS=top-at-mark-start (previous, next)
|   0|0x00000000fc000000, 0x00000000fc000000, 0x00000000fc100000|  0%| F|  |TAMS 0x00000000fc000000, 0x00000000fc000000| Untracked 
|   1|0x00000000fc100000, 0x00000000fc100000, 0x00000000fc200000|  0%| F|  |TAMS 0x00000000fc100000, 0x00000000fc100000| Untracked 
|   2|0x00000000fc200000, 0x00000000fc200000, 0x00000000fc300000|  0%| F|  |TAMS 0x00000000fc200000, 0x00000000fc200000| Untracked 
|   3|0x00000000fc300000, 0x00000000fc400000, 0x00000000fc400000|100%|HS|  |TAMS 0x00000000fc300000, 0x00000000fc300000| Complete 
|   4|0x00000000fc400000, 0x00000000fc500000, 0x00000000fc500000|100%|HC|  |TAMS 0x00000000fc400000, 0x00000000fc400000| Complete 
|   5|0x00000000fc500000, 0x00000000fc600000, 0x00000000fc600000|100%|HC|  |TAMS 0x00000000fc500000, 0x00000000fc500000| Complete 
|   6|0x00000000fc600000, 0x00000000fc700000, 0x00000000fc700000|100%| O|  |TAMS 0x00000000fc600000, 0x00000000fc600000| Untracked 
|   7|0x00000000fc700000, 0x00000000fc800000, 0x00000000fc800000|100%| O|  |TAMS 0x00000000fc700000, 0x00000000fc700000| Untracked 
|   8|0x00000000fc800000, 0x00000000fc900000, 0x00000000fc900000|100%| O|  |TAMS 0x00000000fc800000, 0x00000000fc800000| Untracked 
|   9|0x00000000fc900000, 0x00000000fc937000, 0x00000000fca00000| 21%| O|  |TAMS 0x00000000fc900000, 0x00000000fc900000| Untracked 
|  10|0x00000000fca00000, 0x00000000fca00000, 0x00000000fcb00000|  0%| F|  |TAMS 0x00000000fca00000, 0x00000000fca00000| Untracked 
|  11|0x00000000fcb00000, 0x00000000fcb00000, 0x00000000fcc00000|  0%| F|  |TAMS 0x00000000fcb00000, 0x00000000fcb00000| Untracked 
|  12|0x00000000fcc00000, 0x00000000fcc00000, 0x00000000fcd00000|  0%| F|  |TAMS 0x00000000fcc00000, 0x00000000fcc00000| Untracked 
|  13|0x00000000fcd00000, 0x00000000fcd00000, 0x00000000fce00000|  0%| F|  |TAMS 0x00000000fcd00000, 0x00000000fcd00000| Untracked 
|  14|0x00000000fce00000, 0x00000000fce00000, 0x00000000fcf00000|  0%| F|  |TAMS 0x00000000fce00000, 0x00000000fce00000| Untracked 
|  15|0x00000000fcf00000, 0x00000000fcf00000, 0x00000000fd000000|  0%| F|  |TAMS 0x00000000fcf00000, 0x00000000fcf00000| Untracked 
|  16|0x00000000fd000000, 0x00000000fd000000, 0x00000000fd100000|  0%| F|  |TAMS 0x00000000fd000000, 0x00000000fd000000| Untracked 
|  17|0x00000000fd100000, 0x00000000fd100000, 0x00000000fd200000|  0%| F|  |TAMS 0x00000000fd100000, 0x00000000fd100000| Untracked 
|  18|0x00000000fd200000, 0x00000000fd200000, 0x00000000fd300000|  0%| F|  |TAMS 0x00000000fd200000, 0x00000000fd200000| Untracked 
|  19|0x00000000fd300000, 0x00000000fd300000, 0x00000000fd400000|  0%| F|  |TAMS 0x00000000fd300000, 0x00000000fd300000| Untracked 
|  20|0x00000000fd400000, 0x00000000fd400000, 0x00000000fd500000|  0%| F|  |TAMS 0x00000000fd400000, 0x00000000fd400000| Untracked 
|  21|0x00000000fd500000, 0x00000000fd500000, 0x00000000fd600000|  0%| F|  |TAMS 0x00000000fd500000, 0x00000000fd500000| Untracked 
|  22|0x00000000fd600000, 0x00000000fd600000, 0x00000000fd700000|  0%| F|  |TAMS 0x00000000fd600000, 0x00000000fd600000| Untracked 
|  23|0x00000000fd700000, 0x00000000fd700000, 0x00000000fd800000|  0%| F|  |TAMS 0x00000000fd700000, 0x00000000fd700000| Untracked 
|  24|0x00000000fd800000, 0x00000000fd800000, 0x00000000fd900000|  0%| F|  |TAMS 0x00000000fd800000, 0x00000000fd800000| Untracked 
|  25|0x00000000fd900000, 0x00000000fd900000, 0x00000000fda00000|  0%| F|  |TAMS 0x00000000fd900000, 0x00000000fd900000| Untracked 
|  26|0x00000000fda00000, 0x00000000fda00000, 0x00000000fdb00000|  0%| F|  |TAMS 0x00000000fda00000, 0x00000000fda00000| Untracked 
|  27|0x00000000fdb00000, 0x00000000fdb00000, 0x00000000fdc00000|  0%| F|  |TAMS 0x00000000fdb00000, 0x00000000fdb00000| Untracked 
|  28|0x00000000fdc00000, 0x00000000fdc00000, 0x00000000fdd00000|  0%| F|  |TAMS 0x00000000fdc00000, 0x00000000fdc00000| Untracked 
|  29|0x00000000fdd00000, 0x00000000fdd00000, 0x00000000fde00000|  0%| F|  |TAMS 0x00000000fdd00000, 0x00000000fdd00000| Untracked 
|  30|0x00000000fde00000, 0x00000000fde00000, 0x00000000fdf00000|  0%| F|  |TAMS 0x00000000fde00000, 0x00000000fde00000| Untracked 
|  31|0x00000000fdf00000, 0x00000000fdf00000, 0x00000000fe000000|  0%| F|  |TAMS 0x00000000fdf00000, 0x00000000fdf00000| Untracked 
|  32|0x00000000fe000000, 0x00000000fe000000, 0x00000000fe100000|  0%| F|  |TAMS 0x00000000fe000000, 0x00000000fe000000| Untracked 
|  33|0x00000000fe100000, 0x00000000fe100000, 0x00000000fe200000|  0%| F|  |TAMS 0x00000000fe100000, 0x00000000fe100000| Untracked 
|  34|0x00000000fe200000, 0x00000000fe200000, 0x00000000fe300000|  0%| F|  |TAMS 0x00000000fe200000, 0x00000000fe200000| Untracked 
|  35|0x00000000fe300000, 0x00000000fe300000, 0x00000000fe400000|  0%| F|  |TAMS 0x00000000fe300000, 0x00000000fe300000| Untracked 
|  36|0x00000000fe400000, 0x00000000fe400000, 0x00000000fe500000|  0%| F|  |TAMS 0x00000000fe400000, 0x00000000fe400000| Untracked 
|  37|0x00000000fe500000, 0x00000000fe500000, 0x00000000fe600000|  0%| F|  |TAMS 0x00000000fe500000, 0x00000000fe500000| Untracked 
|  38|0x00000000fe600000, 0x00000000fe600000, 0x00000000fe700000|  0%| F|  |TAMS 0x00000000fe600000, 0x00000000fe600000| Untracked 
|  39|0x00000000fe700000, 0x00000000fe700000, 0x00000000fe800000|  0%| F|  |TAMS 0x00000000fe700000, 0x00000000fe700000| Untracked 
|  40|0x00000000fe800000, 0x00000000fe800000, 0x00000000fe900000|  0%| F|  |TAMS 0x00000000fe800000, 0x00000000fe800000| Untracked 
|  41|0x00000000fe900000, 0x00000000fe900000, 0x00000000fea00000|  0%| F|  |TAMS 0x00000000fe900000, 0x00000000fe900000| Untracked 
|  42|0x00000000fea00000, 0x00000000fea00000, 0x00000000feb00000|  0%| F|  |TAMS 0x00000000fea00000, 0x00000000fea00000| Untracked 
|  43|0x00000000feb00000, 0x00000000feb00000, 0x00000000fec00000|  0%| F|  |TAMS 0x00000000feb00000, 0x00000000feb00000| Untracked 
|  44|0x00000000fec00000, 0x00000000fec00000, 0x00000000fed00000|  0%| F|  |TAMS 0x00000000fec00000, 0x00000000fec00000| Untracked 
|  45|0x00000000fed00000, 0x00000000fed00000, 0x00000000fee00000|  0%| F|  |TAMS 0x00000000fed00000, 0x00000000fed00000| Untracked 
|  46|0x00000000fee00000, 0x00000000fee00000, 0x00000000fef00000|  0%| F|  |TAMS 0x00000000fee00000, 0x00000000fee00000| Untracked 
|  47|0x00000000fef00000, 0x00000000fef00000, 0x00000000ff000000|  0%| F|  |TAMS 0x00000000fef00000, 0x00000000fef00000| Untracked 
|  48|0x00000000ff000000, 0x00000000ff100000, 0x00000000ff100000|100%| S|CS|TAMS 0x00000000ff000000, 0x00000000ff000000| Complete 
|  49|0x00000000ff100000, 0x00000000ff200000, 0x00000000ff200000|100%| S|CS|TAMS 0x00000000ff100000, 0x00000000ff100000| Complete 
|  50|0x00000000ff200000, 0x00000000ff200000, 0x00000000ff300000|  0%| F|  |TAMS 0x00000000ff200000, 0x00000000ff200000| Untracked 
|  51|0x00000000ff300000, 0x00000000ff300000, 0x00000000ff400000|  0%| F|  |TAMS 0x00000000ff300000, 0x00000000ff300000| Untracked 
|  52|0x00000000ff400000, 0x00000000ff400000, 0x00000000ff500000|  0%| F|  |TAMS 0x00000000ff400000, 0x00000000ff400000| Untracked 
|  53|0x00000000ff500000, 0x00000000ff500000, 0x00000000ff600000|  0%| F|  |TAMS 0x00000000ff500000, 0x00000000ff500000| Untracked 
|  54|0x00000000ff600000, 0x00000000ff600000, 0x00000000ff700000|  0%| F|  |TAMS 0x00000000ff600000, 0x00000000ff600000| Untracked 
|  55|0x00000000ff700000, 0x00000000ff700000, 0x00000000ff800000|  0%| F|  |TAMS 0x00000000ff700000, 0x00000000ff700000| Untracked 
|  56|0x00000000ff800000, 0x00000000ff880800, 0x00000000ff900000| 50%| E|  |TAMS 0x00000000ff800000, 0x00000000ff800000| Complete 
|  57|0x00000000ff900000, 0x00000000ffa00000, 0x00000000ffa00000|100%| E|CS|TAMS 0x00000000ff900000, 0x00000000ff900000| Complete 
|  58|0x00000000ffa00000, 0x00000000ffb00000, 0x00000000ffb00000|100%| E|CS|TAMS 0x00000000ffa00000, 0x00000000ffa00000| Complete 
|  59|0x00000000ffb00000, 0x00000000ffc00000, 0x00000000ffc00000|100%| E|CS|TAMS 0x00000000ffb00000, 0x00000000ffb00000| Complete 
|  60|0x00000000ffc00000, 0x00000000ffd00000, 0x00000000ffd00000|100%| E|CS|TAMS 0x00000000ffc00000, 0x00000000ffc00000| Complete 
|  61|0x00000000ffd00000, 0x00000000ffe00000, 0x00000000ffe00000|100%| E|CS|TAMS 0x00000000ffd00000, 0x00000000ffd00000| Complete 
|  62|0x00000000ffe00000, 0x00000000fff00000, 0x00000000fff00000|100%| E|CS|TAMS 0x00000000ffe00000, 0x00000000ffe00000| Complete 
|  63|0x00000000fff00000, 0x0000000100000000, 0x0000000100000000|100%| E|CS|TAMS 0x00000000fff00000, 0x00000000fff00000| Complete 

Card table byte_map: [0x000001f9f85a0000,0x000001f9f85c0000] _byte_map_base: 0x000001f9f7dc0000

Marking Bits (Prev, Next): (CMBitMap*) 0x000001f9f9db7e68, (CMBitMap*) 0x000001f9f9db7ea0
 Prev Bits: [0x000001f9fded0000, 0x000001f9fdfd0000)
 Next Bits: [0x000001f9fdfd0000, 0x000001f9fe0d0000)

Polling page: 0x000001f9f8550000

Metaspace:

Usage:
  Non-class:      9.52 MB capacity,     9.34 MB ( 98%) used,   174.91 KB (  2%) free+waste,    11.31 KB ( <1%) overhead. 
      Class:      1.17 MB capacity,     1.09 MB ( 93%) used,    80.52 KB (  7%) free+waste,     5.38 KB ( <1%) overhead. 
       Both:     10.69 MB capacity,    10.42 MB ( 98%) used,   255.44 KB (  2%) free+waste,    16.69 KB ( <1%) overhead. 

Virtual space:
  Non-class space:       10.00 MB reserved,       9.75 MB ( 98%) committed 
      Class space:        1.00 GB reserved,       1.25 MB ( <1%) committed 
             Both:        1.01 GB reserved,      11.00 MB (  1%) committed 

Chunk freelists:
   Non-Class:  44.00 KB
       Class:  17.00 KB
        Both:  61.00 KB

MaxMetaspaceSize: 17179869184.00 GB
CompressedClassSpaceSize: 1.00 GB

CodeHeap 'non-profiled nmethods': size=120064Kb used=254Kb max_used=254Kb free=119809Kb
 bounds [0x000001f987ac0000, 0x000001f987d30000, 0x000001f98f000000]
CodeHeap 'profiled nmethods': size=120000Kb used=1697Kb max_used=1697Kb free=118302Kb
 bounds [0x000001f980590000, 0x000001f980800000, 0x000001f987ac0000]
CodeHeap 'non-nmethods': size=5696Kb used=1071Kb max_used=1088Kb free=4624Kb
 bounds [0x000001f980000000, 0x000001f980270000, 0x000001f980590000]
 total_blobs=1230 nmethods=858 adapters=284
 compilation: enabled
              stopped_count=0, restarted_count=0
 full_count=0

Compilation events (20 events):
Event: 0.841 Thread 0x000001f9feec7000  839       1       java.lang.reflect.Method::getReturnType (5 bytes)
Event: 0.841 Thread 0x000001f9feec7000 nmethod 839 0x000001f987afe710 code [0x000001f987afe8c0, 0x000001f987afe978]
Event: 0.842 Thread 0x000001f9feec7000  840       3       java.util.jar.Manifest$FastInputStream::readLine (9 bytes)
Event: 0.842 Thread 0x000001f9feec7000 nmethod 840 0x000001f98072b810 code [0x000001f98072b9c0, 0x000001f98072bb08]
Event: 0.844 Thread 0x000001f9feec7000  843       3       java.lang.reflect.Modifier::isPublic (12 bytes)
Event: 0.844 Thread 0x000001f9feec7000 nmethod 843 0x000001f98072bc10 code [0x000001f98072bdc0, 0x000001f98072bef8]
Event: 0.844 Thread 0x000001f9feec7000  845       3       sun.invoke.util.Wrapper::forBasicType (16 bytes)
Event: 0.844 Thread 0x000001f9feec7000 nmethod 845 0x000001f98072bf90 code [0x000001f98072c160, 0x000001f98072c2e8]
Event: 0.844 Thread 0x000001f9feec7000  846       3       java.lang.invoke.InvokerBytecodeGenerator::emitPushArgument (120 bytes)
Event: 0.845 Thread 0x000001f9feec7000 nmethod 846 0x000001f98072c390 code [0x000001f98072c660, 0x000001f98072d408]
Event: 0.846 Thread 0x000001f9feec7000  847       3       java.lang.invoke.InvokerBytecodeGenerator::emitLoadInsn (21 bytes)
Event: 0.846 Thread 0x000001f9feec7000 nmethod 847 0x000001f98072d890 code [0x000001f98072da60, 0x000001f98072dc98]
Event: 0.852 Thread 0x000001f9feec7000  850       3       java.lang.ClassLoader::definePackage (84 bytes)
Event: 0.853 Thread 0x000001f9feec7000 nmethod 850 0x000001f98072de10 code [0x000001f98072e120, 0x000001f98072f1f8]
Event: 0.853 Thread 0x000001f9feec7000  851       3       java.net.URLClassLoader::isSealed (70 bytes)
Event: 0.854 Thread 0x000001f9feec7000 nmethod 851 0x000001f98072f790 code [0x000001f98072fa20, 0x000001f980730448]
Event: 0.854 Thread 0x000001f9feec7000  852       1       java.util.Formatter$Flags::valueOf (5 bytes)
Event: 0.854 Thread 0x000001f9feec7000 nmethod 852 0x000001f987aff290 code [0x000001f987aff440, 0x000001f987aff4f8]
Event: 0.862 Thread 0x000001f991101800  838  s!   4       jdk.internal.loader.URLClassPath::getLoader (194 bytes)
Event: 0.867 Thread 0x000001f9feec7000  853   !   3       sun.nio.fs.WindowsPath::initOffsets (153 bytes)

GC Heap History (2 events):
Event: 0.583 GC heap before
{Heap before GC invocations=0 (full 0):
 garbage-first heap   total 65536K, used 19456K [0x00000000fc000000, 0x0000000100000000)
  region size 1024K, 14 young (14336K), 0 survivors (0K)
 Metaspace       used 7846K, capacity 8017K, committed 8192K, reserved 1056768K
  class space    used 708K, capacity 754K, committed 768K, reserved 1048576K
}
Event: 0.590 GC heap after
{Heap after GC invocations=1 (full 0):
 garbage-first heap   total 65536K, used 8412K [0x00000000fc000000, 0x0000000100000000)
  region size 1024K, 2 young (2048K), 2 survivors (2048K)
 Metaspace       used 7846K, capacity 8017K, committed 8192K, reserved 1056768K
  class space    used 708K, capacity 754K, committed 768K, reserved 1048576K
}

Deoptimization events (20 events):
Event: 0.738 Thread 0x000001f9f9d9b800 Uncommon trap: trap_request=0xffffffde fr.pc=0x000001f987adc7f0 relative=0x00000000000003d0
Event: 0.738 Thread 0x000001f9f9d9b800 Uncommon trap: reason=class_check action=maybe_recompile pc=0x000001f987adc7f0 method=java.util.regex.Matcher.match(II)Z @ 121 c2
Event: 0.738 Thread 0x000001f9f9d9b800 DEOPT PACKING pc=0x000001f987adc7f0 sp=0x0000005b133fd860
Event: 0.738 Thread 0x000001f9f9d9b800 DEOPT UNPACKING pc=0x000001f9800278af sp=0x0000005b133fd808 mode 2
Event: 0.738 Thread 0x000001f9f9d9b800 Uncommon trap: trap_request=0xffffffde fr.pc=0x000001f987adc7f0 relative=0x00000000000003d0
Event: 0.738 Thread 0x000001f9f9d9b800 Uncommon trap: reason=class_check action=maybe_recompile pc=0x000001f987adc7f0 method=java.util.regex.Matcher.match(II)Z @ 121 c2
Event: 0.738 Thread 0x000001f9f9d9b800 DEOPT PACKING pc=0x000001f987adc7f0 sp=0x0000005b133fd860
Event: 0.738 Thread 0x000001f9f9d9b800 DEOPT UNPACKING pc=0x000001f9800278af sp=0x0000005b133fd808 mode 2
Event: 0.738 Thread 0x000001f9f9d9b800 Uncommon trap: trap_request=0xffffffde fr.pc=0x000001f987adc7f0 relative=0x00000000000003d0
Event: 0.738 Thread 0x000001f9f9d9b800 Uncommon trap: reason=class_check action=maybe_recompile pc=0x000001f987adc7f0 method=java.util.regex.Matcher.match(II)Z @ 121 c2
Event: 0.739 Thread 0x000001f9f9d9b800 DEOPT PACKING pc=0x000001f987adc7f0 sp=0x0000005b133fd6e0
Event: 0.739 Thread 0x000001f9f9d9b800 DEOPT UNPACKING pc=0x000001f9800278af sp=0x0000005b133fd688 mode 2
Event: 0.739 Thread 0x000001f9f9d9b800 Uncommon trap: trap_request=0xffffffde fr.pc=0x000001f987adc7f0 relative=0x00000000000003d0
Event: 0.739 Thread 0x000001f9f9d9b800 Uncommon trap: reason=class_check action=maybe_recompile pc=0x000001f987adc7f0 method=java.util.regex.Matcher.match(II)Z @ 121 c2
Event: 0.739 Thread 0x000001f9f9d9b800 DEOPT PACKING pc=0x000001f987adc7f0 sp=0x0000005b133fd6e0
Event: 0.739 Thread 0x000001f9f9d9b800 DEOPT UNPACKING pc=0x000001f9800278af sp=0x0000005b133fd688 mode 2
Event: 0.763 Thread 0x000001f9f9d9b800 Uncommon trap: trap_request=0xffffff4d fr.pc=0x000001f987ae4880 relative=0x0000000000000060
Event: 0.763 Thread 0x000001f9f9d9b800 Uncommon trap: reason=unstable_if action=reinterpret pc=0x000001f987ae4880 method=java.io.WinNTFileSystem.isSlash(C)Z @ 9 c2
Event: 0.763 Thread 0x000001f9f9d9b800 DEOPT PACKING pc=0x000001f987ae4880 sp=0x0000005b133fc300
Event: 0.763 Thread 0x000001f9f9d9b800 DEOPT UNPACKING pc=0x000001f9800278af sp=0x0000005b133fc288 mode 2

Classes redefined (0 events):
No events

Internal exceptions (5 events):
Event: 0.267 Thread 0x000001f9f9d9b800 Exception <a 'java/lang/NoSuchMethodError'{0x00000000ffdee510}: 'int java.lang.invoke.DirectMethodHandle$Holder.invokeStaticInit(java.lang.Object, java.lang.Object)'> (0x00000000ffdee510) thrown at [./src/hotspot/share/interpreter/linkResolver.cpp, line 773]
Event: 0.307 Thread 0x000001f9f9d9b800 Exception <a 'java/lang/NoSuchMethodError'{0x00000000ffceb958}: 'int java.lang.invoke.DirectMethodHandle$Holder.invokeSpecial(java.lang.Object, java.lang.Object, java.lang.Object, java.lang.Object)'> (0x00000000ffceb958) thrown at [./src/hotspot/share/interpreter/linkResolver.cpp, line 773]
Event: 0.317 Thread 0x000001f9f9d9b800 Exception <a 'java/lang/NoSuchMethodError'{0x00000000ffb1f5a8}: 'int java.lang.invoke.DirectMethodHandle$Holder.invokeSpecialIFC(java.lang.Object, java.lang.Object, int)'> (0x00000000ffb1f5a8) thrown at [./src/hotspot/share/interpreter/linkResolver.cpp, line 773]
Event: 0.797 Thread 0x000001f9f9d9b800 Exception <a 'java/lang/NoClassDefFoundError'{0x00000000ffad8fa8}: org/slf4j/impl/StaticMarkerBinder> (0x00000000ffad8fa8) thrown at [./src/hotspot/share/classfile/systemDictionary.cpp, line 220]
Event: 0.844 Thread 0x000001f9f9d9b800 Exception <a 'java/lang/NoSuchMethodError'{0x00000000ff976428}: 'java.lang.Object java.lang.invoke.DirectMethodHandle$Holder.invokeVirtual(java.lang.Object, java.lang.Object, java.lang.Object, java.lang.Object, java.lang.Object, java.lang.Object)'> (0x00000000ff976428) thrown at [./src/hotspot/share/interpreter/linkResolver.cpp, line 773]

Events (20 events):
Event: 0.853 loading class net/rubygrapefruit/platform/NativeIntegrationLinkageException
Event: 0.853 loading class net/rubygrapefruit/platform/NativeIntegrationLinkageException done
Event: 0.853 Thread 0x000001f991101800 Thread added: 0x000001f991101800
Event: 0.853 loading class net/rubygrapefruit/platform/internal/NativeLibraryLocator
Event: 0.853 loading class net/rubygrapefruit/platform/internal/NativeLibraryLocator done
Event: 0.854 loading class net/rubygrapefruit/platform/internal/LibraryDef
Event: 0.854 loading class net/rubygrapefruit/platform/internal/LibraryDef done
Event: 0.855 loading class java/nio/channels/spi/AbstractInterruptibleChannel$1
Event: 0.855 loading class sun/nio/ch/Interruptible
Event: 0.855 loading class sun/nio/ch/Interruptible done
Event: 0.855 loading class java/nio/channels/spi/AbstractInterruptibleChannel$1 done
Event: 0.866 Loaded shared library C:\Users\50374464812\.gradle\native\49d0259a56938c7f99b2704e745ce422c4f750a7a20b539a32ccef96729676b1\windows-amd64\native-platform.dll
Event: 0.866 loading class java/lang/ClassLoader$NativeLibrary$Unloader
Event: 0.866 loading class java/lang/ClassLoader$NativeLibrary$Unloader done
Event: 0.866 loading class net/rubygrapefruit/platform/internal/jni/NativeLibraryFunctions
Event: 0.866 loading class net/rubygrapefruit/platform/internal/jni/NativeLibraryFunctions done
Event: 0.866 loading class net/rubygrapefruit/platform/terminal/Terminals$Output
Event: 0.866 loading class net/rubygrapefruit/platform/terminal/Terminals$Output done
Event: 0.867 loading class net/rubygrapefruit/platform/file/FileEvents
Event: 0.867 loading class net/rubygrapefruit/platform/file/FileEvents done


Dynamic libraries:
0x00007ff78b5f0000 - 0x00007ff78b5fa000 	C:\Program Files\Android\Android Studio\jre\bin\java.exe
0x00007fff3a770000 - 0x00007fff3a965000 	C:\Windows\SYSTEM32\ntdll.dll
0x00007fff39510000 - 0x00007fff395ce000 	C:\Windows\System32\KERNEL32.DLL
0x00007fff37f80000 - 0x00007fff38248000 	C:\Windows\System32\KERNELBASE.dll
0x00007fff38280000 - 0x00007fff38380000 	C:\Windows\System32\ucrtbase.dll
0x00007fff04c10000 - 0x00007fff04c27000 	C:\Program Files\Android\Android Studio\jre\bin\VCRUNTIME140.dll
0x00007fff06350000 - 0x00007fff06369000 	C:\Program Files\Android\Android Studio\jre\bin\jli.dll
0x00007fff38870000 - 0x00007fff38a11000 	C:\Windows\System32\USER32.dll
0x00007fff386f0000 - 0x00007fff38712000 	C:\Windows\System32\win32u.dll
0x00007fff23fb0000 - 0x00007fff2424a000 	C:\Windows\WinSxS\amd64_microsoft.windows.common-controls_6595b64144ccf1df_6.0.19041.1110_none_60b5254171f9507e\COMCTL32.dll
0x00007fff387d0000 - 0x00007fff3886e000 	C:\Windows\System32\msvcrt.dll
0x00007fff39410000 - 0x00007fff3943b000 	C:\Windows\System32\GDI32.dll
0x00007fff385e0000 - 0x00007fff386eb000 	C:\Windows\System32\gdi32full.dll
0x00007fff38720000 - 0x00007fff387bd000 	C:\Windows\System32\msvcp_win.dll
0x00007fff39360000 - 0x00007fff39390000 	C:\Windows\System32\IMM32.DLL
0x00007ffeb4ca0000 - 0x00007ffeb4d3d000 	C:\Program Files\Android\Android Studio\jre\bin\msvcp140.dll
0x00007ffea3b80000 - 0x00007ffea464f000 	C:\Program Files\Android\Android Studio\jre\bin\server\jvm.dll
0x00007fff3a110000 - 0x00007fff3a1bc000 	C:\Windows\System32\ADVAPI32.dll
0x00007fff3a400000 - 0x00007fff3a49b000 	C:\Windows\System32\sechost.dll
0x00007fff3a5a0000 - 0x00007fff3a6ca000 	C:\Windows\System32\RPCRT4.dll
0x00007fff3a1c0000 - 0x00007fff3a1c8000 	C:\Windows\System32\PSAPI.DLL
0x00007fff0c370000 - 0x00007fff0c379000 	C:\Windows\SYSTEM32\WSOCK32.dll
0x00007fff3a4a0000 - 0x00007fff3a50b000 	C:\Windows\System32\WS2_32.dll
0x00007fff22560000 - 0x00007fff22587000 	C:\Windows\SYSTEM32\WINMM.dll
0x00007fff2f4d0000 - 0x00007fff2f4da000 	C:\Windows\SYSTEM32\VERSION.dll
0x00007fff36710000 - 0x00007fff36722000 	C:\Windows\SYSTEM32\kernel.appcore.dll
0x00007fff04ab0000 - 0x00007fff04ac1000 	C:\Program Files\Android\Android Studio\jre\bin\verify.dll
0x00007fff35c80000 - 0x00007fff35e64000 	C:\Windows\SYSTEM32\DBGHELP.DLL
0x00007fff1dc50000 - 0x00007fff1dc7c000 	C:\Windows\SYSTEM32\dbgcore.DLL
0x00007fff37e90000 - 0x00007fff37f13000 	C:\Windows\System32\bcryptPrimitives.dll
0x00007ffee6aa0000 - 0x00007ffee6ac9000 	C:\Program Files\Android\Android Studio\jre\bin\java.dll
0x00007fff0bb80000 - 0x00007fff0bb8b000 	C:\Program Files\Android\Android Studio\jre\bin\jimage.dll
0x00007ffee9730000 - 0x00007ffee9748000 	C:\Program Files\Android\Android Studio\jre\bin\zip.dll
0x00007fff38a20000 - 0x00007fff3915f000 	C:\Windows\System32\SHELL32.dll
0x00007fff35f70000 - 0x00007fff36700000 	C:\Windows\SYSTEM32\windows.storage.dll
0x00007fff39850000 - 0x00007fff39ba5000 	C:\Windows\System32\combase.dll
0x00007fff378e0000 - 0x00007fff3790e000 	C:\Windows\SYSTEM32\Wldp.dll
0x00007fff3a350000 - 0x00007fff3a3fd000 	C:\Windows\System32\SHCORE.dll
0x00007fff397f0000 - 0x00007fff39845000 	C:\Windows\System32\shlwapi.dll
0x00007fff37dd0000 - 0x00007fff37def000 	C:\Windows\SYSTEM32\profapi.dll
0x00007ffee6900000 - 0x00007ffee691a000 	C:\Program Files\Android\Android Studio\jre\bin\net.dll
0x00007fff27430000 - 0x00007fff2753c000 	C:\Windows\SYSTEM32\WINHTTP.dll
0x00007fff37640000 - 0x00007fff376aa000 	C:\Windows\system32\mswsock.dll
0x00007ffee5b60000 - 0x00007ffee5b74000 	C:\Program Files\Android\Android Studio\jre\bin\nio.dll
0x00007ffee19c0000 - 0x00007ffee19e7000 	C:\Users\50374464812\.gradle\native\49d0259a56938c7f99b2704e745ce422c4f750a7a20b539a32ccef96729676b1\windows-amd64\native-platform.dll

dbghelp: loaded successfully - version: 4.0.5 - missing functions: none
symbol engine: initialized successfully - sym options: 0x614 - pdb path: .;C:\Program Files\Android\Android Studio\jre\bin;C:\Windows\SYSTEM32;C:\Windows\WinSxS\amd64_microsoft.windows.common-controls_6595b64144ccf1df_6.0.19041.1110_none_60b5254171f9507e;C:\Program Files\Android\Android Studio\jre\bin\server;C:\Users\50374464812\.gradle\native\49d0259a56938c7f99b2704e745ce422c4f750a7a20b539a32ccef96729676b1\windows-amd64

VM Arguments:
jvm_args: -Xmx64m -Xms64m -Dorg.gradle.appname=gradlew 
java_command: org.gradle.wrapper.GradleWrapperMain app:installDebug -PreactNativeDevServerPort=8081
java_class_path (initial): C:\Users\50374464812\Desktop\SP\SPMEDICALGROUPNOVO\Mobile-SPMed\SPMed\android\\gradle\wrapper\gradle-wrapper.jar
Launcher Type: SUN_STANDARD

[Global flags]
     intx CICompilerCount                          = 3                                         {product} {ergonomic}
     uint ConcGCThreads                            = 1                                         {product} {ergonomic}
     uint G1ConcRefinementThreads                  = 4                                         {product} {ergonomic}
   size_t G1HeapRegionSize                         = 1048576                                   {product} {ergonomic}
    uintx GCDrainStackTargetSize                   = 64                                        {product} {ergonomic}
   size_t InitialHeapSize                          = 67108864                                  {product} {command line}
   size_t MarkStackSize                            = 4194304                                   {product} {ergonomic}
   size_t MaxHeapSize                              = 67108864                                  {product} {command line}
   size_t MaxNewSize                               = 39845888                                  {product} {ergonomic}
   size_t MinHeapDeltaBytes                        = 1048576                                   {product} {ergonomic}
    uintx NonNMethodCodeHeapSize                   = 5830732                                {pd product} {ergonomic}
    uintx NonProfiledCodeHeapSize                  = 122913754                              {pd product} {ergonomic}
    uintx ProfiledCodeHeapSize                     = 122913754                              {pd product} {ergonomic}
    uintx ReservedCodeCacheSize                    = 251658240                              {pd product} {ergonomic}
     bool SegmentedCodeCache                       = true                                      {product} {ergonomic}
     bool UseCompressedClassPointers               = true                                 {lp64_product} {ergonomic}
     bool UseCompressedOops                        = true                                 {lp64_product} {ergonomic}
     bool UseG1GC                                  = true                                      {product} {ergonomic}
     bool UseLargePagesIndividualAllocation        = false                                  {pd product} {ergonomic}

Logging:
Log output configuration:
 #0: stdout all=warning uptime,level,tags
 #1: stderr all=off uptime,level,tags

Environment Variables:
JAVA_HOME=C:\Program Files\Android\Android Studio\jre
CLASSPATH=C:\Users\50374464812\Desktop\SP\SPMEDICALGROUPNOVO\Mobile-SPMed\SPMed\android\\gradle\wrapper\gradle-wrapper.jar
PATH=C:\Users\50374464812\Desktop\SP\SPMEDICALGROUPNOVO\Mobile-SPMed\SPMed\android\node_modules\.bin;C:\Users\50374464812\Desktop\SP\SPMEDICALGROUPNOVO\Mobile-SPMed\SPMed\node_modules\.bin;C:\Users\50374464812\Desktop\SP\SPMEDICALGROUPNOVO\Mobile-SPMed\node_modules\.bin;C:\Users\50374464812\Desktop\SP\SPMEDICALGROUPNOVO\node_modules\.bin;C:\Users\50374464812\Desktop\SP\node_modules\.bin;C:\Users\50374464812\Desktop\node_modules\.bin;C:\Users\50374464812\node_modules\.bin;C:\Users\node_modules\.bin;C:\node_modules\.bin;C:\Program Files\nodejs;C:\Users\50374464812\Desktop\SP\SPMEDICALGROUPNOVO\Mobile-SPMed\SPMed\node_modules\.bin;C:\Windows\system32;C:\Windows;C:\Windows\System32\Wbem;C:\Windows\System32\WindowsPowerShell\v1.0\;C:\Windows\System32\OpenSSH\;C:\Program Files\dotnet\;C:\Program Files\nodejs\;C:\Program Files\Microsoft VS Code\bin;C:\Program Files\Git\cmd;C:\Program Files (x86)\Microsoft SQL Server\150\Tools\Binn\;C:\Program Files\Microsoft SQL Server\150\Tools\Binn\;C:\Program Files (x86)\Microsoft SQL Server\150\DTS\Binn\;C:\Program Files\Microsoft SQL Server\150\DTS\Binn\;C:\Program Files\Microsoft SQL Server\Client SDK\ODBC\170\Tools\Binn\;C:\Program Files\Azure Data Studio\bin;C:\Program Files\Microsoft SQL Server\130\Tools\Binn\;C:\Users\50374464812\AppData\Local\Microsoft\WindowsApps;C:\Users\50374464812\.dotnet\tools
USERNAME=50374464812
OS=Windows_NT
PROCESSOR_IDENTIFIER=Intel64 Family 6 Model 142 Stepping 9, GenuineIntel



---------------  S Y S T E M  ---------------

OS: Windows 10 , 64 bit Build 19041 (10.0.19041.1348)
OS uptime: 1 days 3:08 hours

CPU:total 4 (initial active 4) (2 cores per cpu, 2 threads per core) family 6 model 142 stepping 9 microcode 0xb4, cmov, cx8, fxsr, mmx, sse, sse2, sse3, ssse3, sse4.1, sse4.2, popcnt, avx, avx2, aes, clmul, erms, 3dnowpref, lzcnt, ht, tsc, tscinvbit, bmi1, bmi2, adx, fma

Memory: 4k page, system-wide physical 16282M (2910M free)
TotalPageFile size 16282M (AvailPageFile size 16M)
current process WorkingSet (physical memory assigned to process): 75M, peak: 75M
current process commit charge ("private bytes"): 146M, peak: 146M

vm_info: OpenJDK 64-Bit Server VM (11.0.10+0-b96-7249189) for windows-amd64 JRE (11.0.10+0-b96-7249189), built on Mar 31 2021 21:44:00 by "builder" with MS VC++ 14.0 (VS2015)

END.
