#
# There is insufficient memory for the Java Runtime Environment to continue.
# Native memory allocation (mmap) failed to map 67108864 bytes for Failed to commit area from 0x00000000fc000000 to 0x0000000100000000 of length 67108864.
# Possible reasons:
#   The system is out of physical RAM or swap space
#   The process is running with CompressedOops enabled, and the Java Heap may be blocking the growth of the native heap
# Possible solutions:
#   Reduce memory load on the system
#   Increase physical memory or swap space
#   Check if swap backing store is full
#   Decrease Java heap size (-Xmx/-Xms)
#   Decrease number of Java threads
#   Decrease Java thread stack sizes (-Xss)
#   Set larger code cache with -XX:ReservedCodeCacheSize=
# This output file may be truncated or incomplete.
#
#  Out of Memory Error (./src/hotspot/os/windows/os_windows.cpp:3301), pid=16732, tid=19408
#
# JRE version:  (11.0.10) (build )
# Java VM: OpenJDK 64-Bit Server VM (11.0.10+0-b96-7249189, mixed mode, sharing, tiered, compressed oops, g1 gc, windows-amd64)
# No core dump will be written. Minidumps are not enabled by default on client versions of Windows
#

---------------  S U M M A R Y ------------

Command Line: -Xmx64m -Xms64m -Dorg.gradle.appname=gradlew org.gradle.wrapper.GradleWrapperMain app:installDebug -PreactNativeDevServerPort=8081

Host: Intel(R) Core(TM) i7-7500U CPU @ 2.70GHz, 4 cores, 15G,  Windows 10 , 64 bit Build 19041 (10.0.19041.1348)
Time: Thu Dec  9 07:25:53 2021 Hora oficial do Brasil elapsed time: 0.022429 seconds (0d 0h 0m 0s)

---------------  T H R E A D  ---------------

Current thread (0x000001c675f2a000):  JavaThread "Unknown thread" [_thread_in_vm, id=19408, stack(0x000000b719e00000,0x000000b719f00000)]

Stack: [0x000000b719e00000,0x000000b719f00000]
Native frames: (J=compiled Java code, j=interpreted, Vv=VM code, C=native code)
V  [jvm.dll+0x5ecfaa]
V  [jvm.dll+0x722bd5]
V  [jvm.dll+0x72412d]
V  [jvm.dll+0x7247e3]
V  [jvm.dll+0x242928]
V  [jvm.dll+0x5ea374]
V  [jvm.dll+0x5df425]
V  [jvm.dll+0x2fdebb]
V  [jvm.dll+0x2fde2a]
V  [jvm.dll+0x2fdd02]
V  [jvm.dll+0x302bf6]
V  [jvm.dll+0x34b2a3]
V  [jvm.dll+0x34b9a6]
V  [jvm.dll+0x34b3a3]
V  [jvm.dll+0x2d8888]
V  [jvm.dll+0x2d9a37]
V  [jvm.dll+0x701737]
V  [jvm.dll+0x702f2c]
V  [jvm.dll+0x3587d9]
V  [jvm.dll+0x6e4fae]
V  [jvm.dll+0x3c0be3]
V  [jvm.dll+0x3c2e91]
C  [jli.dll+0x5373]
C  [ucrtbase.dll+0x21bb2]
C  [KERNEL32.DLL+0x17034]
C  [ntdll.dll+0x52651]


---------------  P R O C E S S  ---------------

Threads class SMR info:
_java_thread_list=0x000001c675e21640, length=0, elements={
}

Java Threads: ( => current thread )

Other Threads:
  0x000001c675f43000 GCTaskThread "GC Thread#0" [stack: 0x000000b719f00000,0x000000b71a000000] [id=16664]
  0x000001c675f4a800 ConcurrentGCThread "G1 Main Marker" [stack: 0x000000b71a000000,0x000000b71a100000] [id=9860]
  0x000001c675f4c800 ConcurrentGCThread "G1 Conc#0" [stack: 0x000000b71a100000,0x000000b71a200000] [id=11584]

[error occurred during error reporting (printing all threads), id 0xc0000005, EXCEPTION_ACCESS_VIOLATION (0xc0000005) at pc=0x00007ffec1619107]

VM state:not at safepoint (not fully initialized)

VM Mutex/Monitor currently owned by a thread:  ([mutex/lock_event])
[0x000001c675f27840] Heap_lock - owner thread: 0x000001c675f2a000

Heap address: 0x00000000fc000000, size: 64 MB, Compressed Oops mode: Non-zero based: 0x00000000fc000000
Narrow klass base: 0x0000000000000000, Narrow klass shift: 0

GC Heap History (0 events):
No events

Deoptimization events (0 events):
No events

Classes redefined (0 events):
No events

Internal exceptions (0 events):
No events

Events (1 events):
Event: 0.010 Loaded shared library C:\Program Files\Android\Android Studio\jre\bin\zip.dll


Dynamic libraries:
0x00007ff78b5f0000 - 0x00007ff78b5fa000 	C:\Program Files\Android\Android Studio\jre\bin\java.exe
0x00007fff3a770000 - 0x00007fff3a965000 	C:\Windows\SYSTEM32\ntdll.dll
0x00007fff39510000 - 0x00007fff395ce000 	C:\Windows\System32\KERNEL32.DLL
0x00007fff37f80000 - 0x00007fff38248000 	C:\Windows\System32\KERNELBASE.dll
0x00007fff38280000 - 0x00007fff38380000 	C:\Windows\System32\ucrtbase.dll
0x00007fff12db0000 - 0x00007fff12dc7000 	C:\Program Files\Android\Android Studio\jre\bin\VCRUNTIME140.dll
0x00007fff12be0000 - 0x00007fff12bf9000 	C:\Program Files\Android\Android Studio\jre\bin\jli.dll
0x00007fff38870000 - 0x00007fff38a11000 	C:\Windows\System32\USER32.dll
0x00007fff386f0000 - 0x00007fff38712000 	C:\Windows\System32\win32u.dll
0x00007fff23fb0000 - 0x00007fff2424a000 	C:\Windows\WinSxS\amd64_microsoft.windows.common-controls_6595b64144ccf1df_6.0.19041.1110_none_60b5254171f9507e\COMCTL32.dll
0x00007fff39410000 - 0x00007fff3943b000 	C:\Windows\System32\GDI32.dll
0x00007fff387d0000 - 0x00007fff3886e000 	C:\Windows\System32\msvcrt.dll
0x00007fff385e0000 - 0x00007fff386eb000 	C:\Windows\System32\gdi32full.dll
0x00007fff38720000 - 0x00007fff387bd000 	C:\Windows\System32\msvcp_win.dll
0x00007fff39360000 - 0x00007fff39390000 	C:\Windows\System32\IMM32.DLL
0x00007ffedc1c0000 - 0x00007ffedc25d000 	C:\Program Files\Android\Android Studio\jre\bin\msvcp140.dll
0x00007ffec1330000 - 0x00007ffec1dff000 	C:\Program Files\Android\Android Studio\jre\bin\server\jvm.dll
0x00007fff3a110000 - 0x00007fff3a1bc000 	C:\Windows\System32\ADVAPI32.dll
0x00007fff3a400000 - 0x00007fff3a49b000 	C:\Windows\System32\sechost.dll
0x00007fff3a5a0000 - 0x00007fff3a6ca000 	C:\Windows\System32\RPCRT4.dll
0x00007fff3a1c0000 - 0x00007fff3a1c8000 	C:\Windows\System32\PSAPI.DLL
0x00007fff13580000 - 0x00007fff13589000 	C:\Windows\SYSTEM32\WSOCK32.dll
0x00007fff22560000 - 0x00007fff22587000 	C:\Windows\SYSTEM32\WINMM.dll
0x00007fff3a4a0000 - 0x00007fff3a50b000 	C:\Windows\System32\WS2_32.dll
0x00007fff2f4d0000 - 0x00007fff2f4da000 	C:\Windows\SYSTEM32\VERSION.dll
0x00007fff36710000 - 0x00007fff36722000 	C:\Windows\SYSTEM32\kernel.appcore.dll
0x00007fff0aee0000 - 0x00007fff0aef1000 	C:\Program Files\Android\Android Studio\jre\bin\verify.dll
0x00007fff35c80000 - 0x00007fff35e64000 	C:\Windows\SYSTEM32\DBGHELP.DLL
0x00007fff1dc50000 - 0x00007fff1dc7c000 	C:\Windows\SYSTEM32\dbgcore.DLL
0x00007fff37e90000 - 0x00007fff37f13000 	C:\Windows\System32\bcryptPrimitives.dll
0x00007fff0a240000 - 0x00007fff0a269000 	C:\Program Files\Android\Android Studio\jre\bin\java.dll
0x00007fff0fc30000 - 0x00007fff0fc3b000 	C:\Program Files\Android\Android Studio\jre\bin\jimage.dll
0x00007fff0a220000 - 0x00007fff0a238000 	C:\Program Files\Android\Android Studio\jre\bin\zip.dll

dbghelp: loaded successfully - version: 4.0.5 - missing functions: none
symbol engine: initialized successfully - sym options: 0x614 - pdb path: .;C:\Program Files\Android\Android Studio\jre\bin;C:\Windows\SYSTEM32;C:\Windows\WinSxS\amd64_microsoft.windows.common-controls_6595b64144ccf1df_6.0.19041.1110_none_60b5254171f9507e;C:\Program Files\Android\Android Studio\jre\bin\server

VM Arguments:
jvm_args: -Xmx64m -Xms64m -Dorg.gradle.appname=gradlew 
java_command: org.gradle.wrapper.GradleWrapperMain app:installDebug -PreactNativeDevServerPort=8081
java_class_path (initial): C:\Users\50374464812\Desktop\SP\SPMEDICALGROUPNOVO\Mobile-SPMed\SPMed\android\\gradle\wrapper\gradle-wrapper.jar
Launcher Type: SUN_STANDARD

[Global flags]
     intx CICompilerCount                          = 3                                         {product} {ergonomic}
     uint ConcGCThreads                            = 1                                         {product} {ergonomic}
     uint G1ConcRefinementThreads                  = 4                                         {product} {ergonomic}
   size_t G1HeapRegionSize                         = 1048576                                   {product} {ergonomic}
    uintx GCDrainStackTargetSize                   = 64                                        {product} {ergonomic}
   size_t InitialHeapSize                          = 67108864                                  {product} {command line}
   size_t MarkStackSize                            = 4194304                                   {product} {ergonomic}
   size_t MaxHeapSize                              = 67108864                                  {product} {command line}
   size_t MinHeapDeltaBytes                        = 1048576                                   {product} {ergonomic}
    uintx NonNMethodCodeHeapSize                   = 5830732                                {pd product} {ergonomic}
    uintx NonProfiledCodeHeapSize                  = 122913754                              {pd product} {ergonomic}
    uintx ProfiledCodeHeapSize                     = 122913754                              {pd product} {ergonomic}
    uintx ReservedCodeCacheSize                    = 251658240                              {pd product} {ergonomic}
     bool SegmentedCodeCache                       = true                                      {product} {ergonomic}
     bool UseCompressedClassPointers               = true                                 {lp64_product} {ergonomic}
     bool UseCompressedOops                        = true                                 {lp64_product} {ergonomic}
     bool UseG1GC                                  = true                                      {product} {ergonomic}
     bool UseLargePagesIndividualAllocation        = false                                  {pd product} {ergonomic}

Logging:
Log output configuration:
 #0: stdout all=warning uptime,level,tags
 #1: stderr all=off uptime,level,tags

Environment Variables:
JAVA_HOME=C:\Program Files\Android\Android Studio\jre
CLASSPATH=C:\Users\50374464812\Desktop\SP\SPMEDICALGROUPNOVO\Mobile-SPMed\SPMed\android\\gradle\wrapper\gradle-wrapper.jar
PATH=C:\Users\50374464812\Desktop\SP\SPMEDICALGROUPNOVO\Mobile-SPMed\SPMed\android\node_modules\.bin;C:\Users\50374464812\Desktop\SP\SPMEDICALGROUPNOVO\Mobile-SPMed\SPMed\node_modules\.bin;C:\Users\50374464812\Desktop\SP\SPMEDICALGROUPNOVO\Mobile-SPMed\node_modules\.bin;C:\Users\50374464812\Desktop\SP\SPMEDICALGROUPNOVO\node_modules\.bin;C:\Users\50374464812\Desktop\SP\node_modules\.bin;C:\Users\50374464812\Desktop\node_modules\.bin;C:\Users\50374464812\node_modules\.bin;C:\Users\node_modules\.bin;C:\node_modules\.bin;C:\Program Files\nodejs;C:\Users\50374464812\Desktop\SP\SPMEDICALGROUPNOVO\Mobile-SPMed\SPMed\node_modules\.bin;C:\Windows\system32;C:\Windows;C:\Windows\System32\Wbem;C:\Windows\System32\WindowsPowerShell\v1.0\;C:\Windows\System32\OpenSSH\;C:\Program Files\dotnet\;C:\Program Files\nodejs\;C:\Program Files\Microsoft VS Code\bin;C:\Program Files\Git\cmd;C:\Program Files (x86)\Microsoft SQL Server\150\Tools\Binn\;C:\Program Files\Microsoft SQL Server\150\Tools\Binn\;C:\Program Files (x86)\Microsoft SQL Server\150\DTS\Binn\;C:\Program Files\Microsoft SQL Server\150\DTS\Binn\;C:\Program Files\Microsoft SQL Server\Client SDK\ODBC\170\Tools\Binn\;C:\Program Files\Azure Data Studio\bin;C:\Program Files\Microsoft SQL Server\130\Tools\Binn\;C:\Users\50374464812\AppData\Local\Microsoft\WindowsApps;C:\Users\50374464812\.dotnet\tools
USERNAME=50374464812
OS=Windows_NT
PROCESSOR_IDENTIFIER=Intel64 Family 6 Model 142 Stepping 9, GenuineIntel



---------------  S Y S T E M  ---------------

OS: Windows 10 , 64 bit Build 19041 (10.0.19041.1348)
OS uptime: 0 days 23:48 hours

CPU:total 4 (initial active 4) (2 cores per cpu, 2 threads per core) family 6 model 142 stepping 9 microcode 0xb4, cmov, cx8, fxsr, mmx, sse, sse2, sse3, ssse3, sse4.1, sse4.2, popcnt, avx, avx2, aes, clmul, erms, 3dnowpref, lzcnt, ht, tsc, tscinvbit, bmi1, bmi2, adx, fma

Memory: 4k page, system-wide physical 16282M (3748M free)
TotalPageFile size 16282M (AvailPageFile size 46M)
current process WorkingSet (physical memory assigned to process): 9M, peak: 9M
current process commit charge ("private bytes"): 51M, peak: 115M

vm_info: OpenJDK 64-Bit Server VM (11.0.10+0-b96-7249189) for windows-amd64 JRE (11.0.10+0-b96-7249189), built on Mar 31 2021 21:44:00 by "builder" with MS VC++ 14.0 (VS2015)

END.
