#
# There is insufficient memory for the Java Runtime Environment to continue.
# Native memory allocation (malloc) failed to allocate 1092496 bytes for Chunk::new
# Possible reasons:
#   The system is out of physical RAM or swap space
#   The process is running with CompressedOops enabled, and the Java Heap may be blocking the growth of the native heap
# Possible solutions:
#   Reduce memory load on the system
#   Increase physical memory or swap space
#   Check if swap backing store is full
#   Decrease Java heap size (-Xmx/-Xms)
#   Decrease number of Java threads
#   Decrease Java thread stack sizes (-Xss)
#   Set larger code cache with -XX:ReservedCodeCacheSize=
#   JVM is running with Unscaled Compressed Oops mode in which the Java heap is
#     placed in the first 4GB address space. The Java Heap base address is the
#     maximum limit for the native heap growth. Please use -XX:HeapBaseMinAddress
#     to set the Java Heap base and to place the Java Heap above 4GB virtual address.
# This output file may be truncated or incomplete.
#
#  Out of Memory Error (./src/hotspot/share/memory/arena.cpp:197), pid=21248, tid=21352
#
# JRE version: OpenJDK Runtime Environment (11.0.10) (build 11.0.10+0-b96-7249189)
# Java VM: OpenJDK 64-Bit Server VM (11.0.10+0-b96-7249189, mixed mode, tiered, compressed oops, g1 gc, windows-amd64)
# No core dump will be written. Minidumps are not enabled by default on client versions of Windows
#

---------------  S U M M A R Y ------------

Command Line: --add-opens=java.base/java.util=ALL-UNNAMED --add-opens=java.base/java.lang=ALL-UNNAMED --add-opens=java.base/java.lang.invoke=ALL-UNNAMED --add-opens=java.prefs/java.util.prefs=ALL-UNNAMED -XX:MaxMetaspaceSize=256m -XX:+HeapDumpOnOutOfMemoryError -Xms256m -Xmx512m -Dfile.encoding=windows-1252 -Duser.country=BR -Duser.language=pt -Duser.variant org.gradle.launcher.daemon.bootstrap.GradleDaemon 6.9

Host: Intel(R) Core(TM) i7-7500U CPU @ 2.70GHz, 4 cores, 15G,  Windows 10 , 64 bit Build 19041 (10.0.19041.1348)
Time: Thu Dec  9 10:51:37 2021 Hora oficial do Brasil elapsed time: 12267.857892 seconds (0d 3h 24m 27s)

---------------  T H R E A D  ---------------

Current thread (0x0000019130bcb800):  JavaThread "C2 CompilerThread0" daemon [_thread_in_native, id=21352, stack(0x00000033bbf00000,0x00000033bc000000)]


Current CompileTask:
C2:12267857 19830   !   4       java.io.ObjectOutputStream::writeObject0 (619 bytes)

Stack: [0x00000033bbf00000,0x00000033bc000000]
Native frames: (J=compiled Java code, j=interpreted, Vv=VM code, C=native code)
V  [jvm.dll+0x5ecfaa]
V  [jvm.dll+0x722bd5]
V  [jvm.dll+0x72412d]
V  [jvm.dll+0x7247e3]
V  [jvm.dll+0x242928]
V  [jvm.dll+0xbc4fc]
V  [jvm.dll+0xbca0c]
V  [jvm.dll+0x2b4fd4]
V  [jvm.dll+0x506028]
V  [jvm.dll+0x203253]
V  [jvm.dll+0x1fd07c]
V  [jvm.dll+0x1fa77f]
V  [jvm.dll+0x18354c]
V  [jvm.dll+0x208ee7]
V  [jvm.dll+0x207731]
V  [jvm.dll+0x6eb1cf]
V  [jvm.dll+0x6e3d45]
V  [jvm.dll+0x5ebe96]
C  [ucrtbase.dll+0x21bb2]
C  [KERNEL32.DLL+0x17034]
C  [ntdll.dll+0x52651]


---------------  P R O C E S S  ---------------

Threads class SMR info:
_java_thread_list=0x000001913775b9c0, length=170, elements={
0x0000019119f43000, 0x0000019130230000, 0x0000019130231800, 0x0000019130bc3800,
0x0000019130bc7000, 0x0000019130bc8800, 0x0000019130bcb800, 0x0000019130253000,
0x0000019130255000, 0x0000019130d24000, 0x00000191334c1800, 0x000001913263c800,
0x0000019132efe000, 0x0000019133465000, 0x0000019133465800, 0x0000019133467000,
0x0000019133464000, 0x0000019135fe2000, 0x000001913101b000, 0x000001913aba6000,
0x000001913aba3000, 0x000001913aba7000, 0x00000191343fb000, 0x00000191343fa800,
0x00000191343f8800, 0x00000191343fe800, 0x00000191343fc000, 0x00000191343f9800,
0x0000019134400000, 0x00000191343ff000, 0x0000019134402800, 0x00000191343fd800,
0x0000019134401000, 0x00000191343fd000, 0x0000019134403800, 0x0000019134406800,
0x0000019134404000, 0x0000019134405000, 0x0000019134407800, 0x000001913101d000,
0x000001913101f800, 0x000001913101f000, 0x0000019131020800, 0x0000019131021800,
0x000001913101b800, 0x000001913101e000, 0x0000019131022000, 0x000001913101c800,
0x0000019131027000, 0x0000019131026000, 0x0000019131028000, 0x0000019131023000,
0x0000019131028800, 0x0000019131029800, 0x0000019131024000, 0x0000019131024800,
0x0000019131025800, 0x0000019131b29000, 0x0000019131b23000, 0x0000019131b25800,
0x0000019131b26800, 0x0000019131b29800, 0x0000019131b24000, 0x0000019131b25000,
0x0000019131b2b800, 0x0000019131b2a800, 0x0000019131b27000, 0x0000019131b2c000,
0x0000019131b2e000, 0x0000019131b28000, 0x0000019131b2e800, 0x0000019131b2f800,
0x0000019131b30000, 0x0000019131b31000, 0x0000019131b32000, 0x00000191379a2800,
0x00000191379a1000, 0x00000191379a5000, 0x00000191379a3800, 0x000001913799f800,
0x00000191379a6000, 0x00000191379a4800, 0x00000191379a2000, 0x00000191379a0800,
0x00000191379a7800, 0x00000191379aa000, 0x00000191379a7000, 0x00000191379ad800,
0x00000191379a9000, 0x00000191379ae000, 0x00000191379a8800, 0x00000191379ab000,
0x00000191379ab800, 0x000001913434d800, 0x000001913434d000, 0x000001913434e800,
0x000001913434f000, 0x0000019134350000, 0x0000019134351000, 0x0000019134351800,
0x000001913434c000, 0x0000019134354000, 0x0000019134352800, 0x0000019134356800,
0x0000019134359000, 0x0000019134358000, 0x0000019134357800, 0x0000019134353800,
0x000001913435a000, 0x000001913435a800, 0x0000019135fe3800, 0x0000019135fe4800,
0x0000019135fe5800, 0x0000019135fe7000, 0x0000019135fe1800, 0x0000019135fe8000,
0x000001913aba1800, 0x000001913aba3800, 0x000001913aba8000, 0x000001913aba5800,
0x000001913aba4800, 0x000001913aba2000, 0x0000019133468000, 0x0000019133466800,
0x0000019133462800, 0x0000019133469000, 0x0000019133463000, 0x0000019135ef2800,
0x0000019135ef3800, 0x0000019135ef7800, 0x0000019135ef6800, 0x0000019135ef1800,
0x0000019135ef9000, 0x0000019135efa000, 0x0000019135ef4000, 0x0000019135ef8000,
0x0000019135efa800, 0x0000019135ef5000, 0x0000019135efb800, 0x0000019135ef6000,
0x0000019135eff800, 0x0000019135efc800, 0x0000019135efd000, 0x0000019135efe000,
0x0000019135eff000, 0x0000019135f00800, 0x0000019130fcb000, 0x0000019130fc8800,
0x0000019130fc9000, 0x0000019130fce000, 0x0000019130fcb800, 0x0000019130fca000,
0x0000019130fcc800, 0x0000019130fcf000, 0x0000019130fcd000, 0x0000019134131000,
0x0000019134135000, 0x0000019134133800, 0x0000019134137000, 0x0000019134133000,
0x0000019134132000, 0x000001913413a000, 0x0000019134136000, 0x0000019134137800,
0x0000019134134800, 0x000001913413e000, 0x0000019134138800, 0x000001913413b000,
0x000001913413d800, 0x0000019130f7e800
}

Java Threads: ( => current thread )
  0x0000019119f43000 JavaThread "main" [_thread_blocked, id=21296, stack(0x00000033bb300000,0x00000033bb400000)]
  0x0000019130230000 JavaThread "Reference Handler" daemon [_thread_blocked, id=21328, stack(0x00000033bba00000,0x00000033bbb00000)]
  0x0000019130231800 JavaThread "Finalizer" daemon [_thread_blocked, id=21332, stack(0x00000033bbb00000,0x00000033bbc00000)]
  0x0000019130bc3800 JavaThread "Signal Dispatcher" daemon [_thread_blocked, id=21340, stack(0x00000033bbc00000,0x00000033bbd00000)]
  0x0000019130bc7000 JavaThread "Attach Listener" daemon [_thread_blocked, id=21344, stack(0x00000033bbd00000,0x00000033bbe00000)]
  0x0000019130bc8800 JavaThread "Service Thread" daemon [_thread_blocked, id=21348, stack(0x00000033bbe00000,0x00000033bbf00000)]
=>0x0000019130bcb800 JavaThread "C2 CompilerThread0" daemon [_thread_in_native, id=21352, stack(0x00000033bbf00000,0x00000033bc000000)]
  0x0000019130253000 JavaThread "C1 CompilerThread0" daemon [_thread_blocked, id=21356, stack(0x00000033bc000000,0x00000033bc100000)]
  0x0000019130255000 JavaThread "Sweeper thread" daemon [_thread_blocked, id=21360, stack(0x00000033bc100000,0x00000033bc200000)]
  0x0000019130d24000 JavaThread "Common-Cleaner" daemon [_thread_blocked, id=21384, stack(0x00000033bc200000,0x00000033bc300000)]
  0x00000191334c1800 JavaThread "Daemon health stats" [_thread_blocked, id=2504, stack(0x00000033bc800000,0x00000033bc900000)]
  0x000001913263c800 JavaThread "Incoming local TCP Connector on port 58937" [_thread_in_native, id=18512, stack(0x00000033bc400000,0x00000033bc500000)]
  0x0000019132efe000 JavaThread "Daemon periodic checks" [_thread_blocked, id=18104, stack(0x00000033bc900000,0x00000033bca00000)]
  0x0000019133465000 JavaThread "Cache worker for file hash cache (C:\Users\50374464812\.gradle\caches\6.9\fileHashes)" [_thread_blocked, id=13444, stack(0x00000033bd100000,0x00000033bd200000)]
  0x0000019133465800 JavaThread "File lock request listener" [_thread_in_native, id=928, stack(0x00000033bd200000,0x00000033bd300000)]
  0x0000019133467000 JavaThread "Cache worker for journal cache (C:\Users\50374464812\.gradle\caches\journal-1)" [_thread_blocked, id=15092, stack(0x00000033bd300000,0x00000033bd400000)]
  0x0000019133464000 JavaThread "Cache worker for execution history cache (C:\Users\50374464812\.gradle\caches\6.9\executionHistory)" [_thread_blocked, id=20904, stack(0x00000033bd900000,0x00000033bda00000)]
  0x0000019135fe2000 JavaThread "Cache worker for file content cache (C:\Users\50374464812\.gradle\caches\6.9\fileContent)" [_thread_blocked, id=11996, stack(0x00000033bdb00000,0x00000033bdc00000)]
  0x000001913101b000 JavaThread "Memory manager" [_thread_blocked, id=21372, stack(0x00000033c4100000,0x00000033c4200000)]
  0x000001913aba6000 JavaThread "Monitor" [_thread_in_native, id=8372, stack(0x00000033c6a00000,0x00000033c6b00000)]
  0x000001913aba3000 JavaThread "JdwpProxyConnection" [_thread_in_native, id=21508, stack(0x00000033c6b00000,0x00000033c6c00000)]
  0x000001913aba7000 JavaThread "Device List Monitor" [_thread_in_native, id=16580, stack(0x00000033c6c00000,0x00000033c6d00000)]
  0x00000191343fb000 JavaThread "Daemon Thread 5" [_thread_blocked, id=16588, stack(0x00000033bca00000,0x00000033bcb00000)]
  0x00000191343fa800 JavaThread "Handler for socket connection from /127.0.0.1:58937 to /127.0.0.1:50084" [_thread_in_native, id=10800, stack(0x00000033bcb00000,0x00000033bcc00000)]
  0x00000191343f8800 JavaThread "Cancel handler" [_thread_blocked, id=12680, stack(0x00000033bcc00000,0x00000033bcd00000)]
  0x00000191343fe800 JavaThread "Daemon worker Thread 5" [_thread_in_native, id=9728, stack(0x00000033bcd00000,0x00000033bce00000)]
  0x00000191343fc000 JavaThread "Asynchronous log dispatcher for DefaultDaemonConnection: socket connection from /127.0.0.1:58937 to /127.0.0.1:50084" [_thread_blocked, id=6188, stack(0x00000033bce00000,0x00000033bcf00000)]
  0x00000191343f9800 JavaThread "Stdin handler" [_thread_blocked, id=21412, stack(0x00000033bcf00000,0x00000033bd000000)]
  0x0000019134400000 JavaThread "Daemon client event forwarder" [_thread_blocked, id=3000, stack(0x00000033bd000000,0x00000033bd100000)]
  0x00000191343ff000 JavaThread "Cache worker for file hash cache (C:\Users\50374464812\Desktop\SP\SPMEDICALGROUPNOVO\Mobile-SPMed\SPMed\android\.gradle\6.9\fileHashes)" [_thread_blocked, id=6568, stack(0x00000033bd400000,0x00000033bd500000)]
  0x0000019134402800 JavaThread "Cache worker for checksums cache (C:\Users\50374464812\Desktop\SP\SPMEDICALGROUPNOVO\Mobile-SPMed\SPMed\android\.gradle\checksums)" [_thread_blocked, id=14904, stack(0x00000033bd500000,0x00000033bd600000)]
  0x00000191343fd800 JavaThread "Cache worker for cache directory md-supplier (C:\Users\50374464812\.gradle\caches\6.9\md-supplier)" [_thread_blocked, id=9904, stack(0x00000033bd600000,0x00000033bd700000)]
  0x0000019134401000 JavaThread "Cache worker for cache directory md-rule (C:\Users\50374464812\.gradle\caches\6.9\md-rule)" [_thread_blocked, id=15436, stack(0x00000033bd700000,0x00000033bd800000)]
  0x00000191343fd000 JavaThread "Cache worker for Build Output Cleanup Cache (C:\Users\50374464812\Desktop\SP\SPMEDICALGROUPNOVO\Mobile-SPMed\SPMed\android\.gradle\buildOutputCleanup)" [_thread_blocked, id=7868, stack(0x00000033bd800000,0x00000033bd900000)]
  0x0000019134403800 JavaThread "Build operations" [_thread_blocked, id=15160, stack(0x00000033bdc00000,0x00000033bdd00000)]
  0x0000019134406800 JavaThread "Build operations Thread 2" [_thread_blocked, id=19040, stack(0x00000033bdd00000,0x00000033bde00000)]
  0x0000019134404000 JavaThread "Build operations Thread 3" [_thread_blocked, id=4712, stack(0x00000033bde00000,0x00000033bdf00000)]
  0x0000019134405000 JavaThread "Build operations Thread 4" [_thread_blocked, id=20800, stack(0x00000033bdf00000,0x00000033be000000)]
  0x0000019134407800 JavaThread "jar transforms Thread 521" [_thread_blocked, id=11088, stack(0x00000033be000000,0x00000033be100000)]
  0x000001913101d000 JavaThread "jar transforms Thread 522" [_thread_blocked, id=2840, stack(0x00000033be100000,0x00000033be200000)]
  0x000001913101f800 JavaThread "jar transforms Thread 523" [_thread_blocked, id=19564, stack(0x00000033be200000,0x00000033be300000)]
  0x000001913101f000 JavaThread "jar transforms Thread 524" [_thread_blocked, id=19180, stack(0x00000033be300000,0x00000033be400000)]
  0x0000019131020800 JavaThread "jar transforms Thread 525" [_thread_blocked, id=14072, stack(0x00000033be400000,0x00000033be500000)]
  0x0000019131021800 JavaThread "jar transforms Thread 526" [_thread_blocked, id=8404, stack(0x00000033be500000,0x00000033be600000)]
  0x000001913101b800 JavaThread "jar transforms Thread 527" [_thread_blocked, id=13708, stack(0x00000033be600000,0x00000033be700000)]
  0x000001913101e000 JavaThread "jar transforms Thread 528" [_thread_blocked, id=1716, stack(0x00000033be700000,0x00000033be800000)]
  0x0000019131022000 JavaThread "jar transforms Thread 529" [_thread_blocked, id=12296, stack(0x00000033be800000,0x00000033be900000)]
  0x000001913101c800 JavaThread "jar transforms Thread 530" [_thread_blocked, id=7428, stack(0x00000033be900000,0x00000033bea00000)]
  0x0000019131027000 JavaThread "jar transforms Thread 531" [_thread_blocked, id=18704, stack(0x00000033bea00000,0x00000033beb00000)]
  0x0000019131026000 JavaThread "jar transforms Thread 532" [_thread_blocked, id=22092, stack(0x00000033beb00000,0x00000033bec00000)]
  0x0000019131028000 JavaThread "jar transforms Thread 533" [_thread_blocked, id=5932, stack(0x00000033bec00000,0x00000033bed00000)]
  0x0000019131023000 JavaThread "jar transforms Thread 534" [_thread_blocked, id=17624, stack(0x00000033bed00000,0x00000033bee00000)]
  0x0000019131028800 JavaThread "jar transforms Thread 535" [_thread_blocked, id=4472, stack(0x00000033bee00000,0x00000033bef00000)]
  0x0000019131029800 JavaThread "jar transforms Thread 536" [_thread_blocked, id=21800, stack(0x00000033bef00000,0x00000033bf000000)]
  0x0000019131024000 JavaThread "jar transforms Thread 537" [_thread_blocked, id=6236, stack(0x00000033bf000000,0x00000033bf100000)]
  0x0000019131024800 JavaThread "jar transforms Thread 538" [_thread_blocked, id=8716, stack(0x00000033bf100000,0x00000033bf200000)]
  0x0000019131025800 JavaThread "jar transforms Thread 539" [_thread_blocked, id=7336, stack(0x00000033bf200000,0x00000033bf300000)]
  0x0000019131b29000 JavaThread "jar transforms Thread 540" [_thread_blocked, id=19448, stack(0x00000033bf300000,0x00000033bf400000)]
  0x0000019131b23000 JavaThread "jar transforms Thread 541" [_thread_blocked, id=8480, stack(0x00000033bf400000,0x00000033bf500000)]
  0x0000019131b25800 JavaThread "jar transforms Thread 542" [_thread_blocked, id=20808, stack(0x00000033bf500000,0x00000033bf600000)]
  0x0000019131b26800 JavaThread "jar transforms Thread 543" [_thread_blocked, id=13392, stack(0x00000033bf600000,0x00000033bf700000)]
  0x0000019131b29800 JavaThread "jar transforms Thread 544" [_thread_blocked, id=5012, stack(0x00000033bf700000,0x00000033bf800000)]
  0x0000019131b24000 JavaThread "jar transforms Thread 545" [_thread_blocked, id=21880, stack(0x00000033bf800000,0x00000033bf900000)]
  0x0000019131b25000 JavaThread "jar transforms Thread 546" [_thread_blocked, id=12228, stack(0x00000033bf900000,0x00000033bfa00000)]
  0x0000019131b2b800 JavaThread "jar transforms Thread 547" [_thread_blocked, id=15164, stack(0x00000033bfa00000,0x00000033bfb00000)]
  0x0000019131b2a800 JavaThread "jar transforms Thread 548" [_thread_blocked, id=20352, stack(0x00000033bfb00000,0x00000033bfc00000)]
  0x0000019131b27000 JavaThread "jar transforms Thread 549" [_thread_blocked, id=21148, stack(0x00000033bfc00000,0x00000033bfd00000)]
  0x0000019131b2c000 JavaThread "jar transforms Thread 550" [_thread_blocked, id=11820, stack(0x00000033bfd00000,0x00000033bfe00000)]
  0x0000019131b2e000 JavaThread "jar transforms Thread 551" [_thread_blocked, id=12048, stack(0x00000033bfe00000,0x00000033bff00000)]
  0x0000019131b28000 JavaThread "jar transforms Thread 552" [_thread_blocked, id=20536, stack(0x00000033bff00000,0x00000033c0000000)]
  0x0000019131b2e800 JavaThread "jar transforms Thread 553" [_thread_blocked, id=13544, stack(0x00000033c0000000,0x00000033c0100000)]
  0x0000019131b2f800 JavaThread "jar transforms Thread 554" [_thread_blocked, id=12304, stack(0x00000033c0100000,0x00000033c0200000)]
  0x0000019131b30000 JavaThread "jar transforms Thread 555" [_thread_blocked, id=21520, stack(0x00000033c0200000,0x00000033c0300000)]
  0x0000019131b31000 JavaThread "jar transforms Thread 556" [_thread_blocked, id=12236, stack(0x00000033c0300000,0x00000033c0400000)]
  0x0000019131b32000 JavaThread "jar transforms Thread 557" [_thread_blocked, id=19852, stack(0x00000033c0400000,0x00000033c0500000)]
  0x00000191379a2800 JavaThread "jar transforms Thread 558" [_thread_blocked, id=20320, stack(0x00000033c0500000,0x00000033c0600000)]
  0x00000191379a1000 JavaThread "jar transforms Thread 559" [_thread_blocked, id=19336, stack(0x00000033c0600000,0x00000033c0700000)]
  0x00000191379a5000 JavaThread "jar transforms Thread 560" [_thread_blocked, id=1144, stack(0x00000033c0700000,0x00000033c0800000)]
  0x00000191379a3800 JavaThread "jar transforms Thread 561" [_thread_blocked, id=19772, stack(0x00000033c0800000,0x00000033c0900000)]
  0x000001913799f800 JavaThread "jar transforms Thread 562" [_thread_blocked, id=19424, stack(0x00000033c0900000,0x00000033c0a00000)]
  0x00000191379a6000 JavaThread "jar transforms Thread 563" [_thread_blocked, id=820, stack(0x00000033c0a00000,0x00000033c0b00000)]
  0x00000191379a4800 JavaThread "jar transforms Thread 564" [_thread_blocked, id=19828, stack(0x00000033c0b00000,0x00000033c0c00000)]
  0x00000191379a2000 JavaThread "jar transforms Thread 565" [_thread_blocked, id=5512, stack(0x00000033c0c00000,0x00000033c0d00000)]
  0x00000191379a0800 JavaThread "jar transforms Thread 566" [_thread_blocked, id=15100, stack(0x00000033c0d00000,0x00000033c0e00000)]
  0x00000191379a7800 JavaThread "jar transforms Thread 567" [_thread_blocked, id=11256, stack(0x00000033c0e00000,0x00000033c0f00000)]
  0x00000191379aa000 JavaThread "jar transforms Thread 568" [_thread_blocked, id=12524, stack(0x00000033c0f00000,0x00000033c1000000)]
  0x00000191379a7000 JavaThread "jar transforms Thread 569" [_thread_blocked, id=14920, stack(0x00000033c1000000,0x00000033c1100000)]
  0x00000191379ad800 JavaThread "jar transforms Thread 570" [_thread_blocked, id=8252, stack(0x00000033c1100000,0x00000033c1200000)]
  0x00000191379a9000 JavaThread "jar transforms Thread 571" [_thread_blocked, id=4976, stack(0x00000033c1200000,0x00000033c1300000)]
  0x00000191379ae000 JavaThread "jar transforms Thread 572" [_thread_blocked, id=20812, stack(0x00000033c1300000,0x00000033c1400000)]
  0x00000191379a8800 JavaThread "jar transforms Thread 573" [_thread_blocked, id=12512, stack(0x00000033c1400000,0x00000033c1500000)]
  0x00000191379ab000 JavaThread "jar transforms Thread 574" [_thread_blocked, id=18736, stack(0x00000033c1500000,0x00000033c1600000)]
  0x00000191379ab800 JavaThread "jar transforms Thread 575" [_thread_blocked, id=22028, stack(0x00000033c1600000,0x00000033c1700000)]
  0x000001913434d800 JavaThread "jar transforms Thread 576" [_thread_blocked, id=18176, stack(0x00000033c1700000,0x00000033c1800000)]
  0x000001913434d000 JavaThread "jar transforms Thread 577" [_thread_blocked, id=15620, stack(0x00000033c1800000,0x00000033c1900000)]
  0x000001913434e800 JavaThread "jar transforms Thread 578" [_thread_blocked, id=15140, stack(0x00000033c1900000,0x00000033c1a00000)]
  0x000001913434f000 JavaThread "jar transforms Thread 579" [_thread_blocked, id=5192, stack(0x00000033c1a00000,0x00000033c1b00000)]
  0x0000019134350000 JavaThread "jar transforms Thread 580" [_thread_blocked, id=10324, stack(0x00000033c1b00000,0x00000033c1c00000)]
  0x0000019134351000 JavaThread "jar transforms Thread 581" [_thread_blocked, id=12588, stack(0x00000033c1c00000,0x00000033c1d00000)]
  0x0000019134351800 JavaThread "jar transforms Thread 582" [_thread_blocked, id=21004, stack(0x00000033c1d00000,0x00000033c1e00000)]
  0x000001913434c000 JavaThread "jar transforms Thread 583" [_thread_blocked, id=7192, stack(0x00000033c1e00000,0x00000033c1f00000)]
  0x0000019134354000 JavaThread "jar transforms Thread 584" [_thread_blocked, id=10676, stack(0x00000033c1f00000,0x00000033c2000000)]
  0x0000019134352800 JavaThread "jar transforms Thread 585" [_thread_blocked, id=17704, stack(0x00000033c2000000,0x00000033c2100000)]
  0x0000019134356800 JavaThread "jar transforms Thread 586" [_thread_blocked, id=18056, stack(0x00000033c2100000,0x00000033c2200000)]
  0x0000019134359000 JavaThread "jar transforms Thread 587" [_thread_blocked, id=7768, stack(0x00000033c2200000,0x00000033c2300000)]
  0x0000019134358000 JavaThread "jar transforms Thread 588" [_thread_blocked, id=18640, stack(0x00000033c2300000,0x00000033c2400000)]
  0x0000019134357800 JavaThread "jar transforms Thread 589" [_thread_blocked, id=9232, stack(0x00000033c2400000,0x00000033c2500000)]
  0x0000019134353800 JavaThread "jar transforms Thread 590" [_thread_blocked, id=7100, stack(0x00000033c2500000,0x00000033c2600000)]
  0x000001913435a000 JavaThread "jar transforms Thread 591" [_thread_blocked, id=20308, stack(0x00000033c2600000,0x00000033c2700000)]
  0x000001913435a800 JavaThread "jar transforms Thread 592" [_thread_blocked, id=5924, stack(0x00000033c2700000,0x00000033c2800000)]
  0x0000019135fe3800 JavaThread "jar transforms Thread 593" [_thread_blocked, id=15956, stack(0x00000033c2800000,0x00000033c2900000)]
  0x0000019135fe4800 JavaThread "jar transforms Thread 594" [_thread_blocked, id=5112, stack(0x00000033c2900000,0x00000033c2a00000)]
  0x0000019135fe5800 JavaThread "jar transforms Thread 595" [_thread_blocked, id=8816, stack(0x00000033c2a00000,0x00000033c2b00000)]
  0x0000019135fe7000 JavaThread "jar transforms Thread 596" [_thread_blocked, id=16544, stack(0x00000033c2b00000,0x00000033c2c00000)]
  0x0000019135fe1800 JavaThread "jar transforms Thread 597" [_thread_blocked, id=11456, stack(0x00000033c2c00000,0x00000033c2d00000)]
  0x0000019135fe8000 JavaThread "jar transforms Thread 598" [_thread_blocked, id=17848, stack(0x00000033c2d00000,0x00000033c2e00000)]
  0x000001913aba1800 JavaThread "jar transforms Thread 599" [_thread_blocked, id=1816, stack(0x00000033c2e00000,0x00000033c2f00000)]
  0x000001913aba3800 JavaThread "jar transforms Thread 600" [_thread_blocked, id=15676, stack(0x00000033c2f00000,0x00000033c3000000)]
  0x000001913aba8000 JavaThread "jar transforms Thread 601" [_thread_blocked, id=5176, stack(0x00000033c3000000,0x00000033c3100000)]
  0x000001913aba5800 JavaThread "jar transforms Thread 602" [_thread_blocked, id=20976, stack(0x00000033c3100000,0x00000033c3200000)]
  0x000001913aba4800 JavaThread "jar transforms Thread 603" [_thread_blocked, id=8432, stack(0x00000033c3200000,0x00000033c3300000)]
  0x000001913aba2000 JavaThread "jar transforms Thread 604" [_thread_blocked, id=21652, stack(0x00000033c3300000,0x00000033c3400000)]
  0x0000019133468000 JavaThread "jar transforms Thread 605" [_thread_blocked, id=8200, stack(0x00000033c3400000,0x00000033c3500000)]
  0x0000019133466800 JavaThread "jar transforms Thread 606" [_thread_blocked, id=12640, stack(0x00000033c3500000,0x00000033c3600000)]
  0x0000019133462800 JavaThread "jar transforms Thread 607" [_thread_blocked, id=15588, stack(0x00000033c3600000,0x00000033c3700000)]
  0x0000019133469000 JavaThread "jar transforms Thread 608" [_thread_blocked, id=15324, stack(0x00000033c3700000,0x00000033c3800000)]
  0x0000019133463000 JavaThread "jar transforms Thread 609" [_thread_blocked, id=2924, stack(0x00000033c3800000,0x00000033c3900000)]
  0x0000019135ef2800 JavaThread "jar transforms Thread 610" [_thread_blocked, id=21528, stack(0x00000033c3900000,0x00000033c3a00000)]
  0x0000019135ef3800 JavaThread "jar transforms Thread 611" [_thread_blocked, id=9012, stack(0x00000033c3a00000,0x00000033c3b00000)]
  0x0000019135ef7800 JavaThread "jar transforms Thread 612" [_thread_blocked, id=15292, stack(0x00000033c3b00000,0x00000033c3c00000)]
  0x0000019135ef6800 JavaThread "jar transforms Thread 613" [_thread_blocked, id=5896, stack(0x00000033c3c00000,0x00000033c3d00000)]
  0x0000019135ef1800 JavaThread "jar transforms Thread 614" [_thread_blocked, id=8468, stack(0x00000033c3d00000,0x00000033c3e00000)]
  0x0000019135ef9000 JavaThread "jar transforms Thread 615" [_thread_blocked, id=7908, stack(0x00000033c3e00000,0x00000033c3f00000)]
  0x0000019135efa000 JavaThread "jar transforms Thread 616" [_thread_blocked, id=16904, stack(0x00000033c3f00000,0x00000033c4000000)]
  0x0000019135ef4000 JavaThread "jar transforms Thread 617" [_thread_blocked, id=14660, stack(0x00000033c4000000,0x00000033c4100000)]
  0x0000019135ef8000 JavaThread "jar transforms Thread 618" [_thread_blocked, id=11756, stack(0x00000033c4300000,0x00000033c4400000)]
  0x0000019135efa800 JavaThread "jar transforms Thread 619" [_thread_blocked, id=12216, stack(0x00000033c4400000,0x00000033c4500000)]
  0x0000019135ef5000 JavaThread "jar transforms Thread 620" [_thread_blocked, id=20892, stack(0x00000033c4500000,0x00000033c4600000)]
  0x0000019135efb800 JavaThread "jar transforms Thread 621" [_thread_blocked, id=20716, stack(0x00000033c4600000,0x00000033c4700000)]
  0x0000019135ef6000 JavaThread "jar transforms Thread 622" [_thread_blocked, id=22236, stack(0x00000033c4700000,0x00000033c4800000)]
  0x0000019135eff800 JavaThread "jar transforms Thread 623" [_thread_blocked, id=14792, stack(0x00000033c4800000,0x00000033c4900000)]
  0x0000019135efc800 JavaThread "jar transforms Thread 624" [_thread_blocked, id=7516, stack(0x00000033c4900000,0x00000033c4a00000)]
  0x0000019135efd000 JavaThread "jar transforms Thread 625" [_thread_blocked, id=18128, stack(0x00000033c4a00000,0x00000033c4b00000)]
  0x0000019135efe000 JavaThread "jar transforms Thread 626" [_thread_blocked, id=19108, stack(0x00000033c4b00000,0x00000033c4c00000)]
  0x0000019135eff000 JavaThread "jar transforms Thread 627" [_thread_blocked, id=9772, stack(0x00000033c4c00000,0x00000033c4d00000)]
  0x0000019135f00800 JavaThread "jar transforms Thread 628" [_thread_blocked, id=12428, stack(0x00000033c4d00000,0x00000033c4e00000)]
  0x0000019130fcb000 JavaThread "jar transforms Thread 629" [_thread_blocked, id=15072, stack(0x00000033c4e00000,0x00000033c4f00000)]
  0x0000019130fc8800 JavaThread "jar transforms Thread 630" [_thread_blocked, id=9952, stack(0x00000033c4f00000,0x00000033c5000000)]
  0x0000019130fc9000 JavaThread "jar transforms Thread 631" [_thread_blocked, id=17692, stack(0x00000033c5000000,0x00000033c5100000)]
  0x0000019130fce000 JavaThread "jar transforms Thread 632" [_thread_blocked, id=2104, stack(0x00000033c5100000,0x00000033c5200000)]
  0x0000019130fcb800 JavaThread "jar transforms Thread 633" [_thread_blocked, id=11036, stack(0x00000033c5200000,0x00000033c5300000)]
  0x0000019130fca000 JavaThread "jar transforms Thread 634" [_thread_blocked, id=5160, stack(0x00000033c5300000,0x00000033c5400000)]
  0x0000019130fcc800 JavaThread "jar transforms Thread 635" [_thread_blocked, id=7688, stack(0x00000033c5400000,0x00000033c5500000)]
  0x0000019130fcf000 JavaThread "jar transforms Thread 636" [_thread_blocked, id=19560, stack(0x00000033c5500000,0x00000033c5600000)]
  0x0000019130fcd000 JavaThread "jar transforms Thread 637" [_thread_blocked, id=15892, stack(0x00000033c5600000,0x00000033c5700000)]
  0x0000019134131000 JavaThread "jar transforms Thread 638" [_thread_blocked, id=1860, stack(0x00000033c5700000,0x00000033c5800000)]
  0x0000019134135000 JavaThread "jar transforms Thread 639" [_thread_blocked, id=9580, stack(0x00000033c5800000,0x00000033c5900000)]
  0x0000019134133800 JavaThread "jar transforms Thread 640" [_thread_blocked, id=12736, stack(0x00000033c5900000,0x00000033c5a00000)]
  0x0000019134137000 JavaThread "jar transforms Thread 641" [_thread_blocked, id=14472, stack(0x00000033c5a00000,0x00000033c5b00000)]
  0x0000019134133000 JavaThread "jar transforms Thread 642" [_thread_blocked, id=1672, stack(0x00000033c5b00000,0x00000033c5c00000)]
  0x0000019134132000 JavaThread "jar transforms Thread 643" [_thread_blocked, id=19300, stack(0x00000033c5c00000,0x00000033c5d00000)]
  0x000001913413a000 JavaThread "jar transforms Thread 644" [_thread_blocked, id=7928, stack(0x00000033c5d00000,0x00000033c5e00000)]
  0x0000019134136000 JavaThread "jar transforms Thread 645" [_thread_blocked, id=16716, stack(0x00000033c5e00000,0x00000033c5f00000)]
  0x0000019134137800 JavaThread "jar transforms Thread 646" [_thread_blocked, id=7604, stack(0x00000033c5f00000,0x00000033c6000000)]
  0x0000019134134800 JavaThread "jar transforms Thread 647" [_thread_blocked, id=11276, stack(0x00000033c6000000,0x00000033c6100000)]
  0x000001913413e000 JavaThread "jar transforms Thread 648" [_thread_blocked, id=7640, stack(0x00000033c6100000,0x00000033c6200000)]
  0x0000019134138800 JavaThread "jar transforms Thread 649" [_thread_blocked, id=1212, stack(0x00000033c6200000,0x00000033c6300000)]
  0x000001913413b000 JavaThread "jar transforms Thread 650" [_thread_blocked, id=16628, stack(0x00000033c6300000,0x00000033c6400000)]
  0x000001913413d800 JavaThread "Cache worker for execution history cache (C:\Users\50374464812\Desktop\SP\SPMEDICALGROUPNOVO\Mobile-SPMed\SPMed\android\.gradle\6.9\executionHistory)" [_thread_blocked, id=6536, stack(0x00000033c6800000,0x00000033c6900000)]
  0x0000019130f7e800 JavaThread "C2 CompilerThread1" daemon [_thread_blocked, id=16984, stack(0x00000033bda00000,0x00000033bdb00000)]

Other Threads:
  0x000001913020b000 VMThread "VM Thread" [stack: 0x00000033bb900000,0x00000033bba00000] [id=21324]
  0x0000019130d41800 WatcherThread [stack: 0x00000033bc300000,0x00000033bc400000] [id=21408]
  0x0000019119f57800 GCTaskThread "GC Thread#0" [stack: 0x00000033bb400000,0x00000033bb500000] [id=21304]
  0x0000019131008000 GCTaskThread "GC Thread#1" [stack: 0x00000033bc500000,0x00000033bc600000] [id=21472]
  0x000001913164a800 GCTaskThread "GC Thread#2" [stack: 0x00000033bc600000,0x00000033bc700000] [id=21476]
  0x000001913164b000 GCTaskThread "GC Thread#3" [stack: 0x00000033bc700000,0x00000033bc800000] [id=21480]
  0x0000019119f69000 ConcurrentGCThread "G1 Main Marker" [stack: 0x00000033bb500000,0x00000033bb600000] [id=21308]
  0x0000019119f6b800 ConcurrentGCThread "G1 Conc#0" [stack: 0x00000033bb600000,0x00000033bb700000] [id=21312]
  0x000001911a01e800 ConcurrentGCThread "G1 Refine#0" [stack: 0x00000033bb700000,0x00000033bb800000] [id=21316]
  0x0000019133391800 ConcurrentGCThread "G1 Refine#1" [stack: 0x00000033bb100000,0x00000033bb200000] [id=8704]
  0x00000191326f8000 ConcurrentGCThread "G1 Refine#2" [stack: 0x00000033bb200000,0x00000033bb300000] [id=21492]
  0x000001913119c000 ConcurrentGCThread "G1 Refine#3" [stack: 0x00000033c4200000,0x00000033c4300000] [id=1752]
  0x00000191300a9000 ConcurrentGCThread "G1 Young RemSet Sampling" [stack: 0x00000033bb800000,0x00000033bb900000] [id=21320]

Threads with active compile tasks:
C2 CompilerThread012267894 19830   !   4       java.io.ObjectOutputStream::writeObject0 (619 bytes)

VM state:not at safepoint (normal execution)

VM Mutex/Monitor currently owned by a thread: None

Heap address: 0x00000000e0000000, size: 512 MB, Compressed Oops mode: 32-bit
Narrow klass base: 0x0000000000000000, Narrow klass shift: 3
Compressed class space size: 260046848 Address: 0x0000000100000000

Heap:
 garbage-first heap   total 262144K, used 188416K [0x00000000e0000000, 0x0000000100000000)
  region size 1024K, 70 young (71680K), 10 survivors (10240K)
 Metaspace       used 109687K, capacity 113429K, committed 113772K, reserved 354304K
  class space    used 13598K, capacity 14947K, committed 15040K, reserved 253952K
Heap Regions: E=young(eden), S=young(survivor), O=old, HS=humongous(starts), HC=humongous(continues), CS=collection set, F=free, A=archive, TAMS=top-at-mark-start (previous, next)
|   0|0x00000000e0000000, 0x00000000e0100000, 0x00000000e0100000|100%| O|  |TAMS 0x00000000e0100000, 0x00000000e0000000| Complete 
|   1|0x00000000e0100000, 0x00000000e0200000, 0x00000000e0200000|100%| O|  |TAMS 0x00000000e0200000, 0x00000000e0100000| Untracked 
|   2|0x00000000e0200000, 0x00000000e0300000, 0x00000000e0300000|100%| O|  |TAMS 0x00000000e0300000, 0x00000000e0200000| Untracked 
|   3|0x00000000e0300000, 0x00000000e0400000, 0x00000000e0400000|100%|HS|  |TAMS 0x00000000e0400000, 0x00000000e0300000| Complete 
|   4|0x00000000e0400000, 0x00000000e0500000, 0x00000000e0500000|100%|HC|  |TAMS 0x00000000e0500000, 0x00000000e0400000| Complete 
|   5|0x00000000e0500000, 0x00000000e0600000, 0x00000000e0600000|100%|HC|  |TAMS 0x00000000e0600000, 0x00000000e0500000| Complete 
|   6|0x00000000e0600000, 0x00000000e0700000, 0x00000000e0700000|100%| O|  |TAMS 0x00000000e0700000, 0x00000000e0600000| Complete 
|   7|0x00000000e0700000, 0x00000000e0800000, 0x00000000e0800000|100%| O|  |TAMS 0x00000000e0800000, 0x00000000e0700000| Untracked 
|   8|0x00000000e0800000, 0x00000000e0900000, 0x00000000e0900000|100%| O|  |TAMS 0x00000000e0900000, 0x00000000e0800000| Untracked 
|   9|0x00000000e0900000, 0x00000000e0a00000, 0x00000000e0a00000|100%| O|  |TAMS 0x00000000e0a00000, 0x00000000e0900000| Untracked 
|  10|0x00000000e0a00000, 0x00000000e0b00000, 0x00000000e0b00000|100%| O|  |TAMS 0x00000000e0b00000, 0x00000000e0a00000| Untracked 
|  11|0x00000000e0b00000, 0x00000000e0c00000, 0x00000000e0c00000|100%| O|  |TAMS 0x00000000e0c00000, 0x00000000e0b00000| Complete 
|  12|0x00000000e0c00000, 0x00000000e0d00000, 0x00000000e0d00000|100%| O|  |TAMS 0x00000000e0d00000, 0x00000000e0c00000| Complete 
|  13|0x00000000e0d00000, 0x00000000e0e00000, 0x00000000e0e00000|100%|HS|  |TAMS 0x00000000e0e00000, 0x00000000e0d00000| Complete 
|  14|0x00000000e0e00000, 0x00000000e0f00000, 0x00000000e0f00000|100%|HS|  |TAMS 0x00000000e0f00000, 0x00000000e0e00000| Complete 
|  15|0x00000000e0f00000, 0x00000000e1000000, 0x00000000e1000000|100%|HC|  |TAMS 0x00000000e1000000, 0x00000000e0f00000| Complete 
|  16|0x00000000e1000000, 0x00000000e1100000, 0x00000000e1100000|100%| O|  |TAMS 0x00000000e1100000, 0x00000000e1000000| Complete 
|  17|0x00000000e1100000, 0x00000000e1200000, 0x00000000e1200000|100%| O|  |TAMS 0x00000000e1200000, 0x00000000e1100000| Complete 
|  18|0x00000000e1200000, 0x00000000e1300000, 0x00000000e1300000|100%| O|  |TAMS 0x00000000e1300000, 0x00000000e1200000| Complete 
|  19|0x00000000e1300000, 0x00000000e1400000, 0x00000000e1400000|100%| O|  |TAMS 0x00000000e1400000, 0x00000000e1300000| Complete 
|  20|0x00000000e1400000, 0x00000000e1500000, 0x00000000e1500000|100%| O|  |TAMS 0x00000000e1500000, 0x00000000e1400000| Untracked 
|  21|0x00000000e1500000, 0x00000000e1600000, 0x00000000e1600000|100%| O|  |TAMS 0x00000000e1600000, 0x00000000e1500000| Complete 
|  22|0x00000000e1600000, 0x00000000e1700000, 0x00000000e1700000|100%| O|  |TAMS 0x00000000e1700000, 0x00000000e1600000| Complete 
|  23|0x00000000e1700000, 0x00000000e1800000, 0x00000000e1800000|100%| O|  |TAMS 0x00000000e1800000, 0x00000000e1700000| Untracked 
|  24|0x00000000e1800000, 0x00000000e1900000, 0x00000000e1900000|100%| O|  |TAMS 0x00000000e1900000, 0x00000000e1800000| Complete 
|  25|0x00000000e1900000, 0x00000000e1a00000, 0x00000000e1a00000|100%|HS|  |TAMS 0x00000000e1a00000, 0x00000000e1900000| Complete 
|  26|0x00000000e1a00000, 0x00000000e1b00000, 0x00000000e1b00000|100%| O|  |TAMS 0x00000000e1b00000, 0x00000000e1a00000| Untracked 
|  27|0x00000000e1b00000, 0x00000000e1c00000, 0x00000000e1c00000|100%| O|  |TAMS 0x00000000e1c00000, 0x00000000e1b00000| Untracked 
|  28|0x00000000e1c00000, 0x00000000e1d00000, 0x00000000e1d00000|100%| O|  |TAMS 0x00000000e1d00000, 0x00000000e1c00000| Complete 
|  29|0x00000000e1d00000, 0x00000000e1e00000, 0x00000000e1e00000|100%| O|  |TAMS 0x00000000e1e00000, 0x00000000e1d00000| Untracked 
|  30|0x00000000e1e00000, 0x00000000e1f00000, 0x00000000e1f00000|100%| O|  |TAMS 0x00000000e1f00000, 0x00000000e1e00000| Complete 
|  31|0x00000000e1f00000, 0x00000000e2000000, 0x00000000e2000000|100%| O|  |TAMS 0x00000000e2000000, 0x00000000e1f00000| Complete 
|  32|0x00000000e2000000, 0x00000000e2000000, 0x00000000e2100000|  0%| F|  |TAMS 0x00000000e2000000, 0x00000000e2000000| Untracked 
|  33|0x00000000e2100000, 0x00000000e2200000, 0x00000000e2200000|100%| O|  |TAMS 0x00000000e2200000, 0x00000000e2100000| Untracked 
|  34|0x00000000e2200000, 0x00000000e2300000, 0x00000000e2300000|100%| O|  |TAMS 0x00000000e2300000, 0x00000000e2200000| Complete 
|  35|0x00000000e2300000, 0x00000000e2400000, 0x00000000e2400000|100%| O|  |TAMS 0x00000000e2400000, 0x00000000e2300000| Untracked 
|  36|0x00000000e2400000, 0x00000000e2500000, 0x00000000e2500000|100%| O|  |TAMS 0x00000000e2500000, 0x00000000e2400000| Complete 
|  37|0x00000000e2500000, 0x00000000e2600000, 0x00000000e2600000|100%| O|  |TAMS 0x00000000e2600000, 0x00000000e2500000| Complete 
|  38|0x00000000e2600000, 0x00000000e2600000, 0x00000000e2700000|  0%| F|  |TAMS 0x00000000e2600000, 0x00000000e2600000| Untracked 
|  39|0x00000000e2700000, 0x00000000e2800000, 0x00000000e2800000|100%| O|  |TAMS 0x00000000e2800000, 0x00000000e2700000| Complete 
|  40|0x00000000e2800000, 0x00000000e2800000, 0x00000000e2900000|  0%| F|  |TAMS 0x00000000e2800000, 0x00000000e2800000| Untracked 
|  41|0x00000000e2900000, 0x00000000e2a00000, 0x00000000e2a00000|100%| O|  |TAMS 0x00000000e2a00000, 0x00000000e2900000| Complete 
|  42|0x00000000e2a00000, 0x00000000e2b00000, 0x00000000e2b00000|100%| O|  |TAMS 0x00000000e2b00000, 0x00000000e2a00000| Complete 
|  43|0x00000000e2b00000, 0x00000000e2b00000, 0x00000000e2c00000|  0%| F|  |TAMS 0x00000000e2b00000, 0x00000000e2b00000| Untracked 
|  44|0x00000000e2c00000, 0x00000000e2d00000, 0x00000000e2d00000|100%|HS|  |TAMS 0x00000000e2d00000, 0x00000000e2c00000| Complete 
|  45|0x00000000e2d00000, 0x00000000e2e00000, 0x00000000e2e00000|100%|HC|  |TAMS 0x00000000e2e00000, 0x00000000e2d00000| Complete 
|  46|0x00000000e2e00000, 0x00000000e2f00000, 0x00000000e2f00000|100%|HC|  |TAMS 0x00000000e2f00000, 0x00000000e2e00000| Complete 
|  47|0x00000000e2f00000, 0x00000000e3000000, 0x00000000e3000000|100%|HS|  |TAMS 0x00000000e3000000, 0x00000000e2f00000| Complete 
|  48|0x00000000e3000000, 0x00000000e3100000, 0x00000000e3100000|100%|HC|  |TAMS 0x00000000e3100000, 0x00000000e3000000| Complete 
|  49|0x00000000e3100000, 0x00000000e3200000, 0x00000000e3200000|100%|HC|  |TAMS 0x00000000e3200000, 0x00000000e3100000| Complete 
|  50|0x00000000e3200000, 0x00000000e3300000, 0x00000000e3300000|100%| O|  |TAMS 0x00000000e3300000, 0x00000000e3200000| Complete 
|  51|0x00000000e3300000, 0x00000000e3400000, 0x00000000e3400000|100%| O|  |TAMS 0x00000000e3400000, 0x00000000e3300000| Complete 
|  52|0x00000000e3400000, 0x00000000e3400000, 0x00000000e3500000|  0%| F|  |TAMS 0x00000000e3400000, 0x00000000e3400000| Untracked 
|  53|0x00000000e3500000, 0x00000000e3600000, 0x00000000e3600000|100%| O|  |TAMS 0x00000000e3600000, 0x00000000e3500000| Complete 
|  54|0x00000000e3600000, 0x00000000e3700000, 0x00000000e3700000|100%| O|  |TAMS 0x00000000e3700000, 0x00000000e3600000| Complete 
|  55|0x00000000e3700000, 0x00000000e3800000, 0x00000000e3800000|100%| O|  |TAMS 0x00000000e3800000, 0x00000000e3700000| Untracked 
|  56|0x00000000e3800000, 0x00000000e3900000, 0x00000000e3900000|100%| O|  |TAMS 0x00000000e3900000, 0x00000000e3800000| Complete 
|  57|0x00000000e3900000, 0x00000000e3a00000, 0x00000000e3a00000|100%| O|  |TAMS 0x00000000e3a00000, 0x00000000e3900000| Complete 
|  58|0x00000000e3a00000, 0x00000000e3b00000, 0x00000000e3b00000|100%| O|  |TAMS 0x00000000e3b00000, 0x00000000e3a00000| Untracked 
|  59|0x00000000e3b00000, 0x00000000e3c00000, 0x00000000e3c00000|100%| O|  |TAMS 0x00000000e3c00000, 0x00000000e3b00000| Complete 
|  60|0x00000000e3c00000, 0x00000000e3c00000, 0x00000000e3d00000|  0%| F|  |TAMS 0x00000000e3c00000, 0x00000000e3c00000| Untracked 
|  61|0x00000000e3d00000, 0x00000000e3e00000, 0x00000000e3e00000|100%| O|  |TAMS 0x00000000e3e00000, 0x00000000e3d00000| Complete 
|  62|0x00000000e3e00000, 0x00000000e3f00000, 0x00000000e3f00000|100%| O|  |TAMS 0x00000000e3f00000, 0x00000000e3e00000| Untracked 
|  63|0x00000000e3f00000, 0x00000000e4000000, 0x00000000e4000000|100%| O|  |TAMS 0x00000000e4000000, 0x00000000e3f00000| Untracked 
|  64|0x00000000e4000000, 0x00000000e4100000, 0x00000000e4100000|100%| O|  |TAMS 0x00000000e4100000, 0x00000000e4000000| Untracked 
|  65|0x00000000e4100000, 0x00000000e4200000, 0x00000000e4200000|100%| O|  |TAMS 0x00000000e4200000, 0x00000000e4100000| Untracked 
|  66|0x00000000e4200000, 0x00000000e4300000, 0x00000000e4300000|100%| O|  |TAMS 0x00000000e4300000, 0x00000000e4200000| Untracked 
|  67|0x00000000e4300000, 0x00000000e4400000, 0x00000000e4400000|100%| O|  |TAMS 0x00000000e4400000, 0x00000000e4300000| Complete 
|  68|0x00000000e4400000, 0x00000000e4500000, 0x00000000e4500000|100%| O|  |TAMS 0x00000000e4500000, 0x00000000e4400000| Complete 
|  69|0x00000000e4500000, 0x00000000e4600000, 0x00000000e4600000|100%| O|  |TAMS 0x00000000e4600000, 0x00000000e4500000| Complete 
|  70|0x00000000e4600000, 0x00000000e4700000, 0x00000000e4700000|100%| O|  |TAMS 0x00000000e4700000, 0x00000000e4600000| Complete 
|  71|0x00000000e4700000, 0x00000000e4800000, 0x00000000e4800000|100%| O|  |TAMS 0x00000000e4800000, 0x00000000e4700000| Complete 
|  72|0x00000000e4800000, 0x00000000e4800000, 0x00000000e4900000|  0%| F|  |TAMS 0x00000000e4800000, 0x00000000e4800000| Untracked 
|  73|0x00000000e4900000, 0x00000000e4a00000, 0x00000000e4a00000|100%| O|  |TAMS 0x00000000e4a00000, 0x00000000e4900000| Complete 
|  74|0x00000000e4a00000, 0x00000000e4a00000, 0x00000000e4b00000|  0%| F|  |TAMS 0x00000000e4a00000, 0x00000000e4a00000| Untracked 
|  75|0x00000000e4b00000, 0x00000000e4b00000, 0x00000000e4c00000|  0%| F|  |TAMS 0x00000000e4b00000, 0x00000000e4b00000| Untracked 
|  76|0x00000000e4c00000, 0x00000000e4d00000, 0x00000000e4d00000|100%| O|  |TAMS 0x00000000e4d00000, 0x00000000e4c00000| Complete 
|  77|0x00000000e4d00000, 0x00000000e4e00000, 0x00000000e4e00000|100%| O|  |TAMS 0x00000000e4e00000, 0x00000000e4d00000| Complete 
|  78|0x00000000e4e00000, 0x00000000e4e00000, 0x00000000e4f00000|  0%| F|  |TAMS 0x00000000e4e00000, 0x00000000e4e00000| Untracked 
|  79|0x00000000e4f00000, 0x00000000e4f00000, 0x00000000e5000000|  0%| F|  |TAMS 0x00000000e4f00000, 0x00000000e4f00000| Untracked 
|  80|0x00000000e5000000, 0x00000000e5000000, 0x00000000e5100000|  0%| F|  |TAMS 0x00000000e5000000, 0x00000000e5000000| Untracked 
|  81|0x00000000e5100000, 0x00000000e5100000, 0x00000000e5200000|  0%| F|  |TAMS 0x00000000e5100000, 0x00000000e5100000| Untracked 
|  82|0x00000000e5200000, 0x00000000e5200000, 0x00000000e5300000|  0%| F|  |TAMS 0x00000000e5200000, 0x00000000e5200000| Untracked 
|  83|0x00000000e5300000, 0x00000000e5400000, 0x00000000e5400000|100%| O|  |TAMS 0x00000000e5400000, 0x00000000e5300000| Complete 
|  84|0x00000000e5400000, 0x00000000e5400000, 0x00000000e5500000|  0%| F|  |TAMS 0x00000000e5400000, 0x00000000e5400000| Untracked 
|  85|0x00000000e5500000, 0x00000000e5600000, 0x00000000e5600000|100%| O|  |TAMS 0x00000000e5600000, 0x00000000e5500000| Complete 
|  86|0x00000000e5600000, 0x00000000e5700000, 0x00000000e5700000|100%| O|  |TAMS 0x00000000e5700000, 0x00000000e5600000| Untracked 
|  87|0x00000000e5700000, 0x00000000e5800000, 0x00000000e5800000|100%| O|  |TAMS 0x00000000e5800000, 0x00000000e5700000| Complete 
|  88|0x00000000e5800000, 0x00000000e5900000, 0x00000000e5900000|100%| O|  |TAMS 0x00000000e5900000, 0x00000000e5800000| Complete 
|  89|0x00000000e5900000, 0x00000000e5a00000, 0x00000000e5a00000|100%| O|  |TAMS 0x00000000e5a00000, 0x00000000e5900000| Complete 
|  90|0x00000000e5a00000, 0x00000000e5b00000, 0x00000000e5b00000|100%| O|  |TAMS 0x00000000e5b00000, 0x00000000e5a00000| Complete 
|  91|0x00000000e5b00000, 0x00000000e5c00000, 0x00000000e5c00000|100%| O|  |TAMS 0x00000000e5c00000, 0x00000000e5b00000| Untracked 
|  92|0x00000000e5c00000, 0x00000000e5d00000, 0x00000000e5d00000|100%| O|  |TAMS 0x00000000e5d00000, 0x00000000e5c00000| Complete 
|  93|0x00000000e5d00000, 0x00000000e5e00000, 0x00000000e5e00000|100%| O|  |TAMS 0x00000000e5e00000, 0x00000000e5d00000| Complete 
|  94|0x00000000e5e00000, 0x00000000e5f00000, 0x00000000e5f00000|100%| O|  |TAMS 0x00000000e5f00000, 0x00000000e5e00000| Complete 
|  95|0x00000000e5f00000, 0x00000000e6000000, 0x00000000e6000000|100%| O|  |TAMS 0x00000000e6000000, 0x00000000e5f00000| Complete 
|  96|0x00000000e6000000, 0x00000000e6100000, 0x00000000e6100000|100%| O|  |TAMS 0x00000000e6100000, 0x00000000e6000000| Complete 
|  97|0x00000000e6100000, 0x00000000e6100000, 0x00000000e6200000|  0%| F|  |TAMS 0x00000000e6100000, 0x00000000e6100000| Untracked 
|  98|0x00000000e6200000, 0x00000000e6200000, 0x00000000e6300000|  0%| F|  |TAMS 0x00000000e6200000, 0x00000000e6200000| Untracked 
|  99|0x00000000e6300000, 0x00000000e6400000, 0x00000000e6400000|100%| O|  |TAMS 0x00000000e6400000, 0x00000000e6300000| Untracked 
| 100|0x00000000e6400000, 0x00000000e6400000, 0x00000000e6500000|  0%| F|  |TAMS 0x00000000e6400000, 0x00000000e6400000| Untracked 
| 101|0x00000000e6500000, 0x00000000e6500000, 0x00000000e6600000|  0%| F|  |TAMS 0x00000000e6500000, 0x00000000e6500000| Untracked 
| 102|0x00000000e6600000, 0x00000000e6600000, 0x00000000e6700000|  0%| F|  |TAMS 0x00000000e6600000, 0x00000000e6600000| Untracked 
| 103|0x00000000e6700000, 0x00000000e6700000, 0x00000000e6800000|  0%| F|  |TAMS 0x00000000e6700000, 0x00000000e6700000| Untracked 
| 104|0x00000000e6800000, 0x00000000e6800000, 0x00000000e6900000|  0%| F|  |TAMS 0x00000000e6800000, 0x00000000e6800000| Untracked 
| 105|0x00000000e6900000, 0x00000000e6a00000, 0x00000000e6a00000|100%| O|  |TAMS 0x00000000e6a00000, 0x00000000e6900000| Complete 
| 106|0x00000000e6a00000, 0x00000000e6b00000, 0x00000000e6b00000|100%| O|  |TAMS 0x00000000e6b00000, 0x00000000e6a00000| Complete 
| 107|0x00000000e6b00000, 0x00000000e6b00000, 0x00000000e6c00000|  0%| F|  |TAMS 0x00000000e6b00000, 0x00000000e6b00000| Untracked 
| 108|0x00000000e6c00000, 0x00000000e6d00000, 0x00000000e6d00000|100%| O|  |TAMS 0x00000000e6d00000, 0x00000000e6c00000| Complete 
| 109|0x00000000e6d00000, 0x00000000e6d00000, 0x00000000e6e00000|  0%| F|  |TAMS 0x00000000e6d00000, 0x00000000e6d00000| Untracked 
| 110|0x00000000e6e00000, 0x00000000e6f00000, 0x00000000e6f00000|100%| O|  |TAMS 0x00000000e6f00000, 0x00000000e6e00000| Untracked 
| 111|0x00000000e6f00000, 0x00000000e7000000, 0x00000000e7000000|100%| O|  |TAMS 0x00000000e7000000, 0x00000000e6f00000| Complete 
| 112|0x00000000e7000000, 0x00000000e7100000, 0x00000000e7100000|100%| O|  |TAMS 0x00000000e7100000, 0x00000000e7000000| Complete 
| 113|0x00000000e7100000, 0x00000000e7200000, 0x00000000e7200000|100%| O|  |TAMS 0x00000000e7200000, 0x00000000e7100000| Complete 
| 114|0x00000000e7200000, 0x00000000e7300000, 0x00000000e7300000|100%| O|  |TAMS 0x00000000e7300000, 0x00000000e7200000| Complete 
| 115|0x00000000e7300000, 0x00000000e7400000, 0x00000000e7400000|100%| O|  |TAMS 0x00000000e7400000, 0x00000000e7300000| Complete 
| 116|0x00000000e7400000, 0x00000000e7400000, 0x00000000e7500000|  0%| F|  |TAMS 0x00000000e7400000, 0x00000000e7400000| Untracked 
| 117|0x00000000e7500000, 0x00000000e7600000, 0x00000000e7600000|100%| O|  |TAMS 0x00000000e7600000, 0x00000000e7500000| Complete 
| 118|0x00000000e7600000, 0x00000000e7700000, 0x00000000e7700000|100%| O|  |TAMS 0x00000000e7700000, 0x00000000e7600000| Untracked 
| 119|0x00000000e7700000, 0x00000000e7800000, 0x00000000e7800000|100%| O|  |TAMS 0x00000000e7800000, 0x00000000e7700000| Untracked 
| 120|0x00000000e7800000, 0x00000000e7900000, 0x00000000e7900000|100%| O|  |TAMS 0x00000000e7900000, 0x00000000e7800000| Untracked 
| 121|0x00000000e7900000, 0x00000000e7a00000, 0x00000000e7a00000|100%| O|  |TAMS 0x00000000e7a00000, 0x00000000e7900000| Complete 
| 122|0x00000000e7a00000, 0x00000000e7b00000, 0x00000000e7b00000|100%| O|  |TAMS 0x00000000e7b00000, 0x00000000e7a00000| Complete 
| 123|0x00000000e7b00000, 0x00000000e7c00000, 0x00000000e7c00000|100%| O|  |TAMS 0x00000000e7c00000, 0x00000000e7b00000| Complete 
| 124|0x00000000e7c00000, 0x00000000e7d00000, 0x00000000e7d00000|100%| O|  |TAMS 0x00000000e7d00000, 0x00000000e7c00000| Complete 
| 125|0x00000000e7d00000, 0x00000000e7e00000, 0x00000000e7e00000|100%| O|  |TAMS 0x00000000e7e00000, 0x00000000e7d00000| Complete 
| 126|0x00000000e7e00000, 0x00000000e7f00000, 0x00000000e7f00000|100%| O|  |TAMS 0x00000000e7f00000, 0x00000000e7e00000| Complete 
| 127|0x00000000e7f00000, 0x00000000e8000000, 0x00000000e8000000|100%| O|  |TAMS 0x00000000e8000000, 0x00000000e7f00000| Untracked 
| 128|0x00000000e8000000, 0x00000000e8100000, 0x00000000e8100000|100%| O|  |TAMS 0x00000000e8100000, 0x00000000e8000000| Untracked 
| 129|0x00000000e8100000, 0x00000000e8200000, 0x00000000e8200000|100%| O|  |TAMS 0x00000000e8200000, 0x00000000e8100000| Complete 
| 130|0x00000000e8200000, 0x00000000e8300000, 0x00000000e8300000|100%| O|  |TAMS 0x00000000e8300000, 0x00000000e8200000| Complete 
| 131|0x00000000e8300000, 0x00000000e8400000, 0x00000000e8400000|100%| O|  |TAMS 0x00000000e8400000, 0x00000000e8300000| Untracked 
| 132|0x00000000e8400000, 0x00000000e8400000, 0x00000000e8500000|  0%| F|  |TAMS 0x00000000e8400000, 0x00000000e8400000| Untracked 
| 133|0x00000000e8500000, 0x00000000e8500000, 0x00000000e8600000|  0%| F|  |TAMS 0x00000000e8500000, 0x00000000e8500000| Untracked 
| 134|0x00000000e8600000, 0x00000000e8600000, 0x00000000e8700000|  0%| F|  |TAMS 0x00000000e8600000, 0x00000000e8600000| Untracked 
| 135|0x00000000e8700000, 0x00000000e8700000, 0x00000000e8800000|  0%| F|  |TAMS 0x00000000e8700000, 0x00000000e8700000| Untracked 
| 136|0x00000000e8800000, 0x00000000e8800000, 0x00000000e8900000|  0%| F|  |TAMS 0x00000000e8800000, 0x00000000e8800000| Untracked 
| 137|0x00000000e8900000, 0x00000000e8900000, 0x00000000e8a00000|  0%| F|  |TAMS 0x00000000e8900000, 0x00000000e8900000| Untracked 
| 138|0x00000000e8a00000, 0x00000000e8a00000, 0x00000000e8b00000|  0%| F|  |TAMS 0x00000000e8a00000, 0x00000000e8a00000| Untracked 
| 139|0x00000000e8b00000, 0x00000000e8c00000, 0x00000000e8c00000|100%| O|  |TAMS 0x00000000e8c00000, 0x00000000e8b00000| Untracked 
| 140|0x00000000e8c00000, 0x00000000e8d00000, 0x00000000e8d00000|100%| O|  |TAMS 0x00000000e8d00000, 0x00000000e8c00000| Untracked 
| 141|0x00000000e8d00000, 0x00000000e8e00000, 0x00000000e8e00000|100%| O|  |TAMS 0x00000000e8e00000, 0x00000000e8d00000| Untracked 
| 142|0x00000000e8e00000, 0x00000000e8f00000, 0x00000000e8f00000|100%| O|  |TAMS 0x00000000e8f00000, 0x00000000e8e00000| Untracked 
| 143|0x00000000e8f00000, 0x00000000e8f00000, 0x00000000e9000000|  0%| F|  |TAMS 0x00000000e8f00000, 0x00000000e8f00000| Untracked 
| 144|0x00000000e9000000, 0x00000000e9100000, 0x00000000e9100000|100%| O|  |TAMS 0x00000000e9100000, 0x00000000e9000000| Complete 
| 145|0x00000000e9100000, 0x00000000e9200000, 0x00000000e9200000|100%| O|  |TAMS 0x00000000e9200000, 0x00000000e9100000| Complete 
| 146|0x00000000e9200000, 0x00000000e9300000, 0x00000000e9300000|100%| O|  |TAMS 0x00000000e9300000, 0x00000000e9200000| Untracked 
| 147|0x00000000e9300000, 0x00000000e9400000, 0x00000000e9400000|100%| O|  |TAMS 0x00000000e9400000, 0x00000000e9300000| Complete 
| 148|0x00000000e9400000, 0x00000000e9500000, 0x00000000e9500000|100%| O|  |TAMS 0x00000000e9500000, 0x00000000e9400000| Complete 
| 149|0x00000000e9500000, 0x00000000e9500000, 0x00000000e9600000|  0%| F|  |TAMS 0x00000000e9500000, 0x00000000e9500000| Untracked 
| 150|0x00000000e9600000, 0x00000000e9600000, 0x00000000e9700000|  0%| F|  |TAMS 0x00000000e9600000, 0x00000000e9600000| Untracked 
| 151|0x00000000e9700000, 0x00000000e9700000, 0x00000000e9800000|  0%| F|  |TAMS 0x00000000e9700000, 0x00000000e9700000| Untracked 
| 152|0x00000000e9800000, 0x00000000e9800000, 0x00000000e9900000|  0%| F|  |TAMS 0x00000000e9800000, 0x00000000e9800000| Untracked 
| 153|0x00000000e9900000, 0x00000000e9900000, 0x00000000e9a00000|  0%| F|  |TAMS 0x00000000e9900000, 0x00000000e9900000| Untracked 
| 154|0x00000000e9a00000, 0x00000000e9a00000, 0x00000000e9b00000|  0%| F|  |TAMS 0x00000000e9a00000, 0x00000000e9a00000| Untracked 
| 155|0x00000000e9b00000, 0x00000000e9b00000, 0x00000000e9c00000|  0%| F|  |TAMS 0x00000000e9b00000, 0x00000000e9b00000| Untracked 
| 156|0x00000000e9c00000, 0x00000000e9c00000, 0x00000000e9d00000|  0%| F|  |TAMS 0x00000000e9c00000, 0x00000000e9c00000| Untracked 
| 157|0x00000000e9d00000, 0x00000000e9d00000, 0x00000000e9e00000|  0%| F|  |TAMS 0x00000000e9d00000, 0x00000000e9d00000| Untracked 
| 158|0x00000000e9e00000, 0x00000000e9e00000, 0x00000000e9f00000|  0%| F|  |TAMS 0x00000000e9e00000, 0x00000000e9e00000| Untracked 
| 159|0x00000000e9f00000, 0x00000000e9f00000, 0x00000000ea000000|  0%| F|  |TAMS 0x00000000e9f00000, 0x00000000e9f00000| Untracked 
| 160|0x00000000ea000000, 0x00000000ea000000, 0x00000000ea100000|  0%| F|  |TAMS 0x00000000ea000000, 0x00000000ea000000| Untracked 
| 161|0x00000000ea100000, 0x00000000ea100000, 0x00000000ea200000|  0%| F|  |TAMS 0x00000000ea100000, 0x00000000ea100000| Untracked 
| 162|0x00000000ea200000, 0x00000000ea200000, 0x00000000ea300000|  0%| F|  |TAMS 0x00000000ea200000, 0x00000000ea200000| Untracked 
| 163|0x00000000ea300000, 0x00000000ea300000, 0x00000000ea400000|  0%| F|  |TAMS 0x00000000ea300000, 0x00000000ea300000| Untracked 
| 164|0x00000000ea400000, 0x00000000ea400000, 0x00000000ea500000|  0%| F|  |TAMS 0x00000000ea400000, 0x00000000ea400000| Untracked 
| 165|0x00000000ea500000, 0x00000000ea500000, 0x00000000ea600000|  0%| F|  |TAMS 0x00000000ea500000, 0x00000000ea500000| Untracked 
| 166|0x00000000ea600000, 0x00000000ea600000, 0x00000000ea700000|  0%| F|  |TAMS 0x00000000ea600000, 0x00000000ea600000| Untracked 
| 167|0x00000000ea700000, 0x00000000ea800000, 0x00000000ea800000|100%| S|CS|TAMS 0x00000000ea700000, 0x00000000ea700000| Complete 
| 168|0x00000000ea800000, 0x00000000ea900000, 0x00000000ea900000|100%| S|CS|TAMS 0x00000000ea800000, 0x00000000ea800000| Complete 
| 169|0x00000000ea900000, 0x00000000eaa00000, 0x00000000eaa00000|100%| S|CS|TAMS 0x00000000ea900000, 0x00000000ea900000| Complete 
| 170|0x00000000eaa00000, 0x00000000eab00000, 0x00000000eab00000|100%| S|CS|TAMS 0x00000000eaa00000, 0x00000000eaa00000| Complete 
| 171|0x00000000eab00000, 0x00000000eac00000, 0x00000000eac00000|100%| S|CS|TAMS 0x00000000eab00000, 0x00000000eab00000| Complete 
| 172|0x00000000eac00000, 0x00000000ead00000, 0x00000000ead00000|100%| S|CS|TAMS 0x00000000eac00000, 0x00000000eac00000| Complete 
| 173|0x00000000ead00000, 0x00000000eae00000, 0x00000000eae00000|100%| S|CS|TAMS 0x00000000ead00000, 0x00000000ead00000| Complete 
| 174|0x00000000eae00000, 0x00000000eaf00000, 0x00000000eaf00000|100%| S|CS|TAMS 0x00000000eae00000, 0x00000000eae00000| Complete 
| 175|0x00000000eaf00000, 0x00000000eb000000, 0x00000000eb000000|100%| S|CS|TAMS 0x00000000eaf00000, 0x00000000eaf00000| Complete 
| 176|0x00000000eb000000, 0x00000000eb100000, 0x00000000eb100000|100%| S|CS|TAMS 0x00000000eb000000, 0x00000000eb000000| Complete 
| 177|0x00000000eb100000, 0x00000000eb100000, 0x00000000eb200000|  0%| F|  |TAMS 0x00000000eb100000, 0x00000000eb100000| Untracked 
| 178|0x00000000eb200000, 0x00000000eb200000, 0x00000000eb300000|  0%| F|  |TAMS 0x00000000eb200000, 0x00000000eb200000| Untracked 
| 179|0x00000000eb300000, 0x00000000eb300000, 0x00000000eb400000|  0%| F|  |TAMS 0x00000000eb300000, 0x00000000eb300000| Untracked 
| 180|0x00000000eb400000, 0x00000000eb400000, 0x00000000eb500000|  0%| F|  |TAMS 0x00000000eb400000, 0x00000000eb400000| Untracked 
| 181|0x00000000eb500000, 0x00000000eb500000, 0x00000000eb600000|  0%| F|  |TAMS 0x00000000eb500000, 0x00000000eb500000| Untracked 
| 182|0x00000000eb600000, 0x00000000eb600000, 0x00000000eb700000|  0%| F|  |TAMS 0x00000000eb600000, 0x00000000eb600000| Untracked 
| 183|0x00000000eb700000, 0x00000000eb700000, 0x00000000eb800000|  0%| F|  |TAMS 0x00000000eb700000, 0x00000000eb700000| Untracked 
| 184|0x00000000eb800000, 0x00000000eb800000, 0x00000000eb900000|  0%| F|  |TAMS 0x00000000eb800000, 0x00000000eb800000| Untracked 
| 185|0x00000000eb900000, 0x00000000eb900000, 0x00000000eba00000|  0%| F|  |TAMS 0x00000000eb900000, 0x00000000eb900000| Untracked 
| 186|0x00000000eba00000, 0x00000000eba00000, 0x00000000ebb00000|  0%| F|  |TAMS 0x00000000eba00000, 0x00000000eba00000| Untracked 
| 187|0x00000000ebb00000, 0x00000000ebb00000, 0x00000000ebc00000|  0%| F|  |TAMS 0x00000000ebb00000, 0x00000000ebb00000| Untracked 
| 188|0x00000000ebc00000, 0x00000000ebc00000, 0x00000000ebd00000|  0%| F|  |TAMS 0x00000000ebc00000, 0x00000000ebc00000| Untracked 
| 189|0x00000000ebd00000, 0x00000000ebd00000, 0x00000000ebe00000|  0%| F|  |TAMS 0x00000000ebd00000, 0x00000000ebd00000| Untracked 
| 190|0x00000000ebe00000, 0x00000000ebe00000, 0x00000000ebf00000|  0%| F|  |TAMS 0x00000000ebe00000, 0x00000000ebe00000| Untracked 
| 191|0x00000000ebf00000, 0x00000000ebf00000, 0x00000000ec000000|  0%| F|  |TAMS 0x00000000ebf00000, 0x00000000ebf00000| Untracked 
| 192|0x00000000ec000000, 0x00000000ec000000, 0x00000000ec100000|  0%| F|  |TAMS 0x00000000ec000000, 0x00000000ec000000| Untracked 
| 193|0x00000000ec100000, 0x00000000ec100000, 0x00000000ec200000|  0%| F|  |TAMS 0x00000000ec100000, 0x00000000ec100000| Untracked 
| 194|0x00000000ec200000, 0x00000000ec200000, 0x00000000ec300000|  0%| F|  |TAMS 0x00000000ec200000, 0x00000000ec200000| Untracked 
| 195|0x00000000ec300000, 0x00000000ec300000, 0x00000000ec400000|  0%| F|  |TAMS 0x00000000ec300000, 0x00000000ec300000| Untracked 
| 196|0x00000000ec400000, 0x00000000ec480800, 0x00000000ec500000| 50%| E|  |TAMS 0x00000000ec400000, 0x00000000ec400000| Complete 
| 197|0x00000000ec500000, 0x00000000ec600000, 0x00000000ec600000|100%| E|CS|TAMS 0x00000000ec500000, 0x00000000ec500000| Complete 
| 198|0x00000000ec600000, 0x00000000ec700000, 0x00000000ec700000|100%| E|CS|TAMS 0x00000000ec600000, 0x00000000ec600000| Complete 
| 199|0x00000000ec700000, 0x00000000ec800000, 0x00000000ec800000|100%| E|CS|TAMS 0x00000000ec700000, 0x00000000ec700000| Complete 
| 200|0x00000000ec800000, 0x00000000ec900000, 0x00000000ec900000|100%| E|CS|TAMS 0x00000000ec800000, 0x00000000ec800000| Complete 
| 201|0x00000000ec900000, 0x00000000eca00000, 0x00000000eca00000|100%| E|  |TAMS 0x00000000ec900000, 0x00000000ec900000| Complete 
| 202|0x00000000eca00000, 0x00000000ecb00000, 0x00000000ecb00000|100%| E|CS|TAMS 0x00000000eca00000, 0x00000000eca00000| Complete 
| 203|0x00000000ecb00000, 0x00000000ecc00000, 0x00000000ecc00000|100%| E|CS|TAMS 0x00000000ecb00000, 0x00000000ecb00000| Complete 
| 204|0x00000000ecc00000, 0x00000000ecd00000, 0x00000000ecd00000|100%| E|CS|TAMS 0x00000000ecc00000, 0x00000000ecc00000| Complete 
| 205|0x00000000ecd00000, 0x00000000ece00000, 0x00000000ece00000|100%| E|CS|TAMS 0x00000000ecd00000, 0x00000000ecd00000| Complete 
| 206|0x00000000ece00000, 0x00000000ecf00000, 0x00000000ecf00000|100%| E|CS|TAMS 0x00000000ece00000, 0x00000000ece00000| Complete 
| 207|0x00000000ecf00000, 0x00000000ed000000, 0x00000000ed000000|100%| E|CS|TAMS 0x00000000ecf00000, 0x00000000ecf00000| Complete 
| 208|0x00000000ed000000, 0x00000000ed100000, 0x00000000ed100000|100%| E|CS|TAMS 0x00000000ed000000, 0x00000000ed000000| Complete 
| 209|0x00000000ed100000, 0x00000000ed200000, 0x00000000ed200000|100%| E|CS|TAMS 0x00000000ed100000, 0x00000000ed100000| Complete 
| 210|0x00000000ed200000, 0x00000000ed300000, 0x00000000ed300000|100%| E|CS|TAMS 0x00000000ed200000, 0x00000000ed200000| Complete 
| 211|0x00000000ed300000, 0x00000000ed400000, 0x00000000ed400000|100%| E|CS|TAMS 0x00000000ed300000, 0x00000000ed300000| Complete 
| 212|0x00000000ed400000, 0x00000000ed500000, 0x00000000ed500000|100%| E|CS|TAMS 0x00000000ed400000, 0x00000000ed400000| Complete 
| 213|0x00000000ed500000, 0x00000000ed600000, 0x00000000ed600000|100%| E|CS|TAMS 0x00000000ed500000, 0x00000000ed500000| Complete 
| 214|0x00000000ed600000, 0x00000000ed700000, 0x00000000ed700000|100%| E|CS|TAMS 0x00000000ed600000, 0x00000000ed600000| Complete 
| 215|0x00000000ed700000, 0x00000000ed800000, 0x00000000ed800000|100%| E|CS|TAMS 0x00000000ed700000, 0x00000000ed700000| Complete 
| 216|0x00000000ed800000, 0x00000000ed900000, 0x00000000ed900000|100%| E|CS|TAMS 0x00000000ed800000, 0x00000000ed800000| Complete 
| 217|0x00000000ed900000, 0x00000000eda00000, 0x00000000eda00000|100%| E|CS|TAMS 0x00000000ed900000, 0x00000000ed900000| Complete 
| 218|0x00000000eda00000, 0x00000000edb00000, 0x00000000edb00000|100%| E|CS|TAMS 0x00000000eda00000, 0x00000000eda00000| Complete 
| 219|0x00000000edb00000, 0x00000000edc00000, 0x00000000edc00000|100%| E|CS|TAMS 0x00000000edb00000, 0x00000000edb00000| Complete 
| 220|0x00000000edc00000, 0x00000000edd00000, 0x00000000edd00000|100%| E|CS|TAMS 0x00000000edc00000, 0x00000000edc00000| Complete 
| 221|0x00000000edd00000, 0x00000000ede00000, 0x00000000ede00000|100%| E|CS|TAMS 0x00000000edd00000, 0x00000000edd00000| Complete 
| 222|0x00000000ede00000, 0x00000000edf00000, 0x00000000edf00000|100%| E|CS|TAMS 0x00000000ede00000, 0x00000000ede00000| Complete 
| 223|0x00000000edf00000, 0x00000000ee000000, 0x00000000ee000000|100%| E|CS|TAMS 0x00000000edf00000, 0x00000000edf00000| Complete 
| 224|0x00000000ee000000, 0x00000000ee100000, 0x00000000ee100000|100%| E|CS|TAMS 0x00000000ee000000, 0x00000000ee000000| Complete 
| 225|0x00000000ee100000, 0x00000000ee200000, 0x00000000ee200000|100%| E|CS|TAMS 0x00000000ee100000, 0x00000000ee100000| Complete 
| 226|0x00000000ee200000, 0x00000000ee300000, 0x00000000ee300000|100%| E|CS|TAMS 0x00000000ee200000, 0x00000000ee200000| Complete 
| 227|0x00000000ee300000, 0x00000000ee400000, 0x00000000ee400000|100%| E|CS|TAMS 0x00000000ee300000, 0x00000000ee300000| Complete 
| 228|0x00000000ee400000, 0x00000000ee500000, 0x00000000ee500000|100%| E|CS|TAMS 0x00000000ee400000, 0x00000000ee400000| Complete 
| 229|0x00000000ee500000, 0x00000000ee600000, 0x00000000ee600000|100%| E|CS|TAMS 0x00000000ee500000, 0x00000000ee500000| Complete 
| 230|0x00000000ee600000, 0x00000000ee700000, 0x00000000ee700000|100%| E|CS|TAMS 0x00000000ee600000, 0x00000000ee600000| Complete 
| 231|0x00000000ee700000, 0x00000000ee800000, 0x00000000ee800000|100%| E|CS|TAMS 0x00000000ee700000, 0x00000000ee700000| Complete 
| 232|0x00000000ee800000, 0x00000000ee900000, 0x00000000ee900000|100%| E|CS|TAMS 0x00000000ee800000, 0x00000000ee800000| Complete 
| 233|0x00000000ee900000, 0x00000000eea00000, 0x00000000eea00000|100%| E|CS|TAMS 0x00000000ee900000, 0x00000000ee900000| Complete 
| 234|0x00000000eea00000, 0x00000000eeb00000, 0x00000000eeb00000|100%| E|CS|TAMS 0x00000000eea00000, 0x00000000eea00000| Complete 
| 235|0x00000000eeb00000, 0x00000000eec00000, 0x00000000eec00000|100%| E|CS|TAMS 0x00000000eeb00000, 0x00000000eeb00000| Complete 
| 236|0x00000000eec00000, 0x00000000eed00000, 0x00000000eed00000|100%| E|CS|TAMS 0x00000000eec00000, 0x00000000eec00000| Complete 
| 237|0x00000000eed00000, 0x00000000eee00000, 0x00000000eee00000|100%| E|CS|TAMS 0x00000000eed00000, 0x00000000eed00000| Complete 
| 238|0x00000000eee00000, 0x00000000eef00000, 0x00000000eef00000|100%| E|CS|TAMS 0x00000000eee00000, 0x00000000eee00000| Complete 
| 239|0x00000000eef00000, 0x00000000ef000000, 0x00000000ef000000|100%| E|CS|TAMS 0x00000000eef00000, 0x00000000eef00000| Complete 
| 240|0x00000000ef000000, 0x00000000ef100000, 0x00000000ef100000|100%| E|CS|TAMS 0x00000000ef000000, 0x00000000ef000000| Complete 
| 241|0x00000000ef100000, 0x00000000ef200000, 0x00000000ef200000|100%| E|CS|TAMS 0x00000000ef100000, 0x00000000ef100000| Complete 
| 242|0x00000000ef200000, 0x00000000ef300000, 0x00000000ef300000|100%| E|CS|TAMS 0x00000000ef200000, 0x00000000ef200000| Complete 
| 243|0x00000000ef300000, 0x00000000ef400000, 0x00000000ef400000|100%| E|CS|TAMS 0x00000000ef300000, 0x00000000ef300000| Complete 
| 244|0x00000000ef400000, 0x00000000ef500000, 0x00000000ef500000|100%| E|CS|TAMS 0x00000000ef400000, 0x00000000ef400000| Complete 
| 245|0x00000000ef500000, 0x00000000ef600000, 0x00000000ef600000|100%| E|CS|TAMS 0x00000000ef500000, 0x00000000ef500000| Complete 
| 246|0x00000000ef600000, 0x00000000ef700000, 0x00000000ef700000|100%| E|CS|TAMS 0x00000000ef600000, 0x00000000ef600000| Complete 
| 247|0x00000000ef700000, 0x00000000ef800000, 0x00000000ef800000|100%| E|CS|TAMS 0x00000000ef700000, 0x00000000ef700000| Complete 
| 248|0x00000000ef800000, 0x00000000ef900000, 0x00000000ef900000|100%| E|CS|TAMS 0x00000000ef800000, 0x00000000ef800000| Complete 
| 249|0x00000000ef900000, 0x00000000efa00000, 0x00000000efa00000|100%| E|CS|TAMS 0x00000000ef900000, 0x00000000ef900000| Complete 
| 250|0x00000000efa00000, 0x00000000efb00000, 0x00000000efb00000|100%| E|CS|TAMS 0x00000000efa00000, 0x00000000efa00000| Complete 
| 251|0x00000000efb00000, 0x00000000efc00000, 0x00000000efc00000|100%| E|CS|TAMS 0x00000000efb00000, 0x00000000efb00000| Complete 
| 252|0x00000000efc00000, 0x00000000efd00000, 0x00000000efd00000|100%| E|CS|TAMS 0x00000000efc00000, 0x00000000efc00000| Complete 
| 253|0x00000000efd00000, 0x00000000efe00000, 0x00000000efe00000|100%| E|CS|TAMS 0x00000000efd00000, 0x00000000efd00000| Complete 
| 254|0x00000000efe00000, 0x00000000eff00000, 0x00000000eff00000|100%| E|CS|TAMS 0x00000000efe00000, 0x00000000efe00000| Complete 
| 255|0x00000000eff00000, 0x00000000f0000000, 0x00000000f0000000|100%| E|CS|TAMS 0x00000000eff00000, 0x00000000eff00000| Complete 

Card table byte_map: [0x000001912ca30000,0x000001912cb30000] _byte_map_base: 0x000001912c330000

Marking Bits (Prev, Next): (CMBitMap*) 0x0000019119f66430, (CMBitMap*) 0x0000019119f663f8
 Prev Bits: [0x000001912d430000, 0x000001912dc30000)
 Next Bits: [0x000001912cc30000, 0x000001912d430000)

Polling page: 0x0000019117ea0000

Metaspace:

Usage:
  Non-class:     96.17 MB capacity,    93.84 MB ( 98%) used,     2.01 MB (  2%) free+waste,   335.31 KB ( <1%) overhead. 
      Class:     14.60 MB capacity,    13.28 MB ( 91%) used,     1.17 MB (  8%) free+waste,   147.88 KB ( <1%) overhead. 
       Both:    110.77 MB capacity,   107.12 MB ( 97%) used,     3.18 MB (  3%) free+waste,   483.19 KB ( <1%) overhead. 

Virtual space:
  Non-class space:       98.00 MB reserved,      96.42 MB ( 98%) committed 
      Class space:      248.00 MB reserved,      14.69 MB (  6%) committed 
             Both:      346.00 MB reserved,     111.11 MB ( 32%) committed 

Chunk freelists:
   Non-Class:  2.00 KB
       Class:  0 bytes
        Both:  2.00 KB

MaxMetaspaceSize: 256.00 MB
CompressedClassSpaceSize: 248.00 MB

CodeHeap 'non-profiled nmethods': size=120064Kb used=15040Kb max_used=15348Kb free=105023Kb
 bounds [0x00000191254f0000, 0x00000191263f0000, 0x000001912ca30000]
CodeHeap 'profiled nmethods': size=120000Kb used=41993Kb max_used=43766Kb free=78006Kb
 bounds [0x000001911dfc0000, 0x0000019120a90000, 0x00000191254f0000]
CodeHeap 'non-nmethods': size=5696Kb used=2311Kb max_used=2382Kb free=3384Kb
 bounds [0x000001911da30000, 0x000001911dca0000, 0x000001911dfc0000]
 total_blobs=19223 nmethods=18302 adapters=830
 compilation: enabled
              stopped_count=0, restarted_count=0
 full_count=0

Compilation events (20 events):
Event: 12267.786 Thread 0x0000019130253000 19838       3       com.esotericsoftware.kryo.io.Output::writeString (125 bytes)
Event: 12267.790 Thread 0x0000019130253000 nmethod 19838 0x000001911e1f3710 code [0x000001911e1f3940, 0x000001911e1f3f18]
Event: 12267.790 Thread 0x0000019130253000 19839   !   3       com.google.protobuf.CodedOutputStream$ArrayEncoder::write (76 bytes)
Event: 12267.792 Thread 0x0000019130253000 nmethod 19839 0x000001911e2c4110 code [0x000001911e2c4460, 0x000001911e2c5b18]
Event: 12267.803 Thread 0x0000019130253000 19841       3       jdk.internal.loader.BootLoader::getDefinedPackage (39 bytes)
Event: 12267.804 Thread 0x0000019130253000 nmethod 19841 0x000001911e206b10 code [0x000001911e206d60, 0x000001911e2074c8]
Event: 12267.804 Thread 0x0000019130253000 19843       3       java.util.concurrent.CopyOnWriteArrayList::indexOf (14 bytes)
Event: 12267.804 Thread 0x0000019130253000 nmethod 19843 0x000001911e114d10 code [0x000001911e114ec0, 0x000001911e115028]
Event: 12267.805 Thread 0x0000019130253000 19844       3       java.io.ObjectOutputStream::writeShort (9 bytes)
Event: 12267.805 Thread 0x0000019130253000 nmethod 19844 0x000001911e124510 code [0x000001911e1246c0, 0x000001911e1247e8]
Event: 12267.810 Thread 0x0000019130253000 19846   !   3       java.io.ObjectStreamClass::getPrivateMethod (56 bytes)
Event: 12267.811 Thread 0x0000019130253000 nmethod 19846 0x000001911e214010 code [0x000001911e214240, 0x000001911e214958]
Event: 12267.826 Thread 0x0000019130253000 19848       3       java.util.Collections$EmptyList::listIterator (4 bytes)
Event: 12267.826 Thread 0x0000019130253000 nmethod 19848 0x000001911e146010 code [0x000001911e1461c0, 0x000001911e146318]
Event: 12267.826 Thread 0x0000019130253000 19849       3       java.util.Collections::emptyListIterator (4 bytes)
Event: 12267.827 Thread 0x0000019130253000 nmethod 19849 0x000001911e090c10 code [0x000001911e090dc0, 0x000001911e090eb8]
Event: 12267.833 Thread 0x0000019130f7e800 nmethod 19829 0x0000019125725010 code [0x0000019125725360, 0x0000019125727a00]
Event: 12267.833 Thread 0x0000019130f7e800 19847       4       java.io.ObjectOutputStream$BlockDataOutputStream::getUTFLength (124 bytes)
Event: 12267.843 Thread 0x0000019130f7e800 nmethod 19847 0x0000019125705e10 code [0x0000019125705fc0, 0x0000019125706618]
Event: 12267.843 Thread 0x0000019130f7e800 19840       4       java.lang.Class::privateGetDeclaredMethods (64 bytes)

GC Heap History (20 events):
Event: 11856.895 GC heap before
{Heap before GC invocations=30 (full 0):
 garbage-first heap   total 262144K, used 146574K [0x00000000e0000000, 0x0000000100000000)
  region size 1024K, 12 young (12288K), 9 survivors (9216K)
 Metaspace       used 107343K, capacity 110770K, committed 110956K, reserved 352256K
  class space    used 13460K, capacity 14717K, committed 14784K, reserved 253952K
}
Event: 11856.932 GC heap after
{Heap after GC invocations=31 (full 0):
 garbage-first heap   total 262144K, used 126564K [0x00000000e0000000, 0x0000000100000000)
  region size 1024K, 2 young (2048K), 2 survivors (2048K)
 Metaspace       used 107343K, capacity 110770K, committed 110956K, reserved 352256K
  class space    used 13460K, capacity 14717K, committed 14784K, reserved 253952K
}
Event: 11857.158 GC heap before
{Heap before GC invocations=31 (full 0):
 garbage-first heap   total 262144K, used 136804K [0x00000000e0000000, 0x0000000100000000)
  region size 1024K, 12 young (12288K), 2 survivors (2048K)
 Metaspace       used 107436K, capacity 110870K, committed 110956K, reserved 352256K
  class space    used 13464K, capacity 14724K, committed 14784K, reserved 253952K
}
Event: 11857.184 GC heap after
{Heap after GC invocations=32 (full 0):
 garbage-first heap   total 262144K, used 121856K [0x00000000e0000000, 0x0000000100000000)
  region size 1024K, 2 young (2048K), 2 survivors (2048K)
 Metaspace       used 107436K, capacity 110870K, committed 110956K, reserved 352256K
  class space    used 13464K, capacity 14724K, committed 14784K, reserved 253952K
}
Event: 11859.397 GC heap before
{Heap before GC invocations=32 (full 0):
 garbage-first heap   total 262144K, used 211968K [0x00000000e0000000, 0x0000000100000000)
  region size 1024K, 90 young (92160K), 2 survivors (2048K)
 Metaspace       used 107878K, capacity 111299K, committed 111468K, reserved 352256K
  class space    used 13484K, capacity 14754K, committed 14784K, reserved 253952K
}
Event: 11859.451 GC heap after
{Heap after GC invocations=33 (full 0):
 garbage-first heap   total 262144K, used 133120K [0x00000000e0000000, 0x0000000100000000)
  region size 1024K, 12 young (12288K), 12 survivors (12288K)
 Metaspace       used 107878K, capacity 111299K, committed 111468K, reserved 352256K
  class space    used 13484K, capacity 14754K, committed 14784K, reserved 253952K
}
Event: 12055.716 GC heap before
{Heap before GC invocations=34 (full 0):
 garbage-first heap   total 262144K, used 208896K [0x00000000e0000000, 0x0000000100000000)
  region size 1024K, 90 young (92160K), 12 survivors (12288K)
 Metaspace       used 108072K, capacity 111426K, committed 111724K, reserved 352256K
  class space    used 13454K, capacity 14709K, committed 14784K, reserved 253952K
}
Event: 12055.740 GC heap after
{Heap after GC invocations=35 (full 0):
 garbage-first heap   total 262144K, used 134475K [0x00000000e0000000, 0x0000000100000000)
  region size 1024K, 6 young (6144K), 6 survivors (6144K)
 Metaspace       used 108072K, capacity 111426K, committed 111724K, reserved 352256K
  class space    used 13454K, capacity 14709K, committed 14784K, reserved 253952K
}
Event: 12055.797 GC heap before
{Heap before GC invocations=35 (full 0):
 garbage-first heap   total 262144K, used 139595K [0x00000000e0000000, 0x0000000100000000)
  region size 1024K, 12 young (12288K), 6 survivors (6144K)
 Metaspace       used 108072K, capacity 111426K, committed 111724K, reserved 352256K
  class space    used 13454K, capacity 14709K, committed 14784K, reserved 253952K
}
Event: 12055.825 GC heap after
{Heap after GC invocations=36 (full 0):
 garbage-first heap   total 262144K, used 117043K [0x00000000e0000000, 0x0000000100000000)
  region size 1024K, 2 young (2048K), 2 survivors (2048K)
 Metaspace       used 108072K, capacity 111426K, committed 111724K, reserved 352256K
  class space    used 13454K, capacity 14709K, committed 14784K, reserved 253952K
}
Event: 12065.872 GC heap before
{Heap before GC invocations=36 (full 0):
 garbage-first heap   total 262144K, used 204083K [0x00000000e0000000, 0x0000000100000000)
  region size 1024K, 88 young (90112K), 2 survivors (2048K)
 Metaspace       used 108752K, capacity 112415K, committed 112620K, reserved 352256K
  class space    used 13540K, capacity 14854K, committed 14912K, reserved 253952K
}
Event: 12065.895 GC heap after
{Heap after GC invocations=37 (full 0):
 garbage-first heap   total 262144K, used 131072K [0x00000000e0000000, 0x0000000100000000)
  region size 1024K, 11 young (11264K), 11 survivors (11264K)
 Metaspace       used 108752K, capacity 112415K, committed 112620K, reserved 352256K
  class space    used 13540K, capacity 14854K, committed 14912K, reserved 253952K
}
Event: 12066.987 GC heap before
{Heap before GC invocations=37 (full 0):
 garbage-first heap   total 262144K, used 208896K [0x00000000e0000000, 0x0000000100000000)
  region size 1024K, 88 young (90112K), 11 survivors (11264K)
 Metaspace       used 109042K, capacity 112770K, committed 112876K, reserved 352256K
  class space    used 13551K, capacity 14875K, committed 14912K, reserved 253952K
}
Event: 12067.013 GC heap after
{Heap after GC invocations=38 (full 0):
 garbage-first heap   total 262144K, used 137209K [0x00000000e0000000, 0x0000000100000000)
  region size 1024K, 6 young (6144K), 6 survivors (6144K)
 Metaspace       used 109042K, capacity 112770K, committed 112876K, reserved 352256K
  class space    used 13551K, capacity 14875K, committed 14912K, reserved 253952K
}
Event: 12256.208 GC heap before
{Heap before GC invocations=39 (full 0):
 garbage-first heap   total 262144K, used 209913K [0x00000000e0000000, 0x0000000100000000)
  region size 1024K, 80 young (81920K), 6 survivors (6144K)
 Metaspace       used 109208K, capacity 112879K, committed 113132K, reserved 354304K
  class space    used 13556K, capacity 14883K, committed 14912K, reserved 253952K
}
Event: 12256.234 GC heap after
{Heap after GC invocations=40 (full 0):
 garbage-first heap   total 262144K, used 143112K [0x00000000e0000000, 0x0000000100000000)
  region size 1024K, 9 young (9216K), 9 survivors (9216K)
 Metaspace       used 109208K, capacity 112879K, committed 113132K, reserved 354304K
  class space    used 13556K, capacity 14883K, committed 14912K, reserved 253952K
}
Event: 12256.268 GC heap before
{Heap before GC invocations=40 (full 0):
 garbage-first heap   total 262144K, used 146184K [0x00000000e0000000, 0x0000000100000000)
  region size 1024K, 12 young (12288K), 9 survivors (9216K)
 Metaspace       used 109216K, capacity 112879K, committed 113132K, reserved 354304K
  class space    used 13556K, capacity 14883K, committed 14912K, reserved 253952K
}
Event: 12256.310 GC heap after
{Heap after GC invocations=41 (full 0):
 garbage-first heap   total 262144K, used 127002K [0x00000000e0000000, 0x0000000100000000)
  region size 1024K, 2 young (2048K), 2 survivors (2048K)
 Metaspace       used 109216K, capacity 112879K, committed 113132K, reserved 354304K
  class space    used 13556K, capacity 14883K, committed 14912K, reserved 253952K
}
Event: 12257.913 GC heap before
{Heap before GC invocations=41 (full 0):
 garbage-first heap   total 262144K, used 204826K [0x00000000e0000000, 0x0000000100000000)
  region size 1024K, 79 young (80896K), 2 survivors (2048K)
 Metaspace       used 109339K, capacity 113038K, committed 113132K, reserved 354304K
  class space    used 13560K, capacity 14888K, committed 14912K, reserved 253952K
}
Event: 12257.947 GC heap after
{Heap after GC invocations=42 (full 0):
 garbage-first heap   total 262144K, used 136192K [0x00000000e0000000, 0x0000000100000000)
  region size 1024K, 10 young (10240K), 10 survivors (10240K)
 Metaspace       used 109339K, capacity 113038K, committed 113132K, reserved 354304K
  class space    used 13560K, capacity 14888K, committed 14912K, reserved 253952K
}

Deoptimization events (20 events):
Event: 12267.704 Thread 0x00000191343fc000 Uncommon trap: trap_request=0xffffff4d fr.pc=0x0000019125c6acb4 relative=0x00000000000004f4
Event: 12267.704 Thread 0x00000191343fc000 Uncommon trap: reason=unstable_if action=reinterpret pc=0x0000019125c6acb4 method=org.gradle.internal.io.StreamByteBuffer.prepareRead()I @ 30 c2
Event: 12267.704 Thread 0x00000191343fc000 DEOPT PACKING pc=0x0000019125c6acb4 sp=0x00000033bcefe380
Event: 12267.704 Thread 0x00000191343fc000 DEOPT UNPACKING pc=0x000001911da578af sp=0x00000033bcefe2e0 mode 2
Event: 12267.704 Thread 0x00000191343fc000 Uncommon trap: trap_request=0xffffff4d fr.pc=0x0000019125b6b60c relative=0x000000000000016c
Event: 12267.704 Thread 0x00000191343fc000 Uncommon trap: reason=unstable_if action=reinterpret pc=0x0000019125b6b60c method=org.gradle.internal.io.StreamByteBuffer.prepareRead()I @ 30 c2
Event: 12267.704 Thread 0x00000191343fc000 DEOPT PACKING pc=0x0000019125b6b60c sp=0x00000033bcefe320
Event: 12267.704 Thread 0x00000191343fc000 DEOPT UNPACKING pc=0x000001911da578af sp=0x00000033bcefe2d8 mode 2
Event: 12267.758 Thread 0x00000191343fe800 Uncommon trap: trap_request=0xffffff4d fr.pc=0x000001912634c56c relative=0x000000000000130c
Event: 12267.758 Thread 0x00000191343fe800 Uncommon trap: reason=unstable_if action=reinterpret pc=0x000001912634c56c method=java.util.Formatter$Conversion.isText(C)Z @ 1 c2
Event: 12267.758 Thread 0x00000191343fe800 DEOPT PACKING pc=0x000001912634c56c sp=0x00000033bcdfc2e0
Event: 12267.758 Thread 0x00000191343fe800 DEOPT UNPACKING pc=0x000001911da578af sp=0x00000033bcdfc190 mode 2
Event: 12267.785 Thread 0x00000191343fc000 Uncommon trap: trap_request=0xffffff4d fr.pc=0x0000019125b53c7c relative=0x000000000000039c
Event: 12267.785 Thread 0x00000191343fc000 Uncommon trap: reason=unstable_if action=reinterpret pc=0x0000019125b53c7c method=com.esotericsoftware.kryo.io.Output.writeString(Ljava/lang/CharSequence;)V @ 83 c2
Event: 12267.785 Thread 0x00000191343fc000 DEOPT PACKING pc=0x0000019125b53c7c sp=0x00000033bcefe800
Event: 12267.785 Thread 0x00000191343fc000 DEOPT UNPACKING pc=0x000001911da578af sp=0x00000033bcefe728 mode 2
Event: 12267.824 Thread 0x00000191343fe800 Uncommon trap: trap_request=0xffffffc6 fr.pc=0x0000019125ed0d94 relative=0x0000000000000cb4
Event: 12267.824 Thread 0x00000191343fe800 Uncommon trap: reason=bimorphic_or_optimized_type_check action=maybe_recompile pc=0x0000019125ed0d94 method=com.google.common.cache.LocalCache$Segment.get(Ljava/lang/Object;I)Ljava/lang/Object; @ 44 c2
Event: 12267.824 Thread 0x00000191343fe800 DEOPT PACKING pc=0x0000019125ed0d94 sp=0x00000033bcdfba90
Event: 12267.824 Thread 0x00000191343fe800 DEOPT UNPACKING pc=0x000001911da578af sp=0x00000033bcdfb9e0 mode 2

Classes redefined (0 events):
No events

Internal exceptions (20 events):
Event: 11859.934 Thread 0x0000019134405000 Exception <a 'java/lang/NoSuchMethodError'{0x00000000ef36f378}: <clinit>> (0x00000000ef36f378) thrown at [./src/hotspot/share/prims/jni.cpp, line 1362]
Event: 11859.934 Thread 0x0000019134405000 Exception <a 'java/lang/NoSuchMethodError'{0x00000000ef370698}: <clinit>> (0x00000000ef370698) thrown at [./src/hotspot/share/prims/jni.cpp, line 1362]
Event: 11859.934 Thread 0x0000019134405000 Exception <a 'java/lang/NoSuchMethodError'{0x00000000ef372e08}: <clinit>> (0x00000000ef372e08) thrown at [./src/hotspot/share/prims/jni.cpp, line 1362]
Event: 11859.942 Thread 0x0000019134405000 Exception <a 'java/lang/NoSuchMethodError'{0x00000000ef38bad0}: <clinit>> (0x00000000ef38bad0) thrown at [./src/hotspot/share/prims/jni.cpp, line 1362]
Event: 11859.942 Thread 0x0000019134405000 Exception <a 'java/lang/NoSuchMethodError'{0x00000000ef38cfb0}: <clinit>> (0x00000000ef38cfb0) thrown at [./src/hotspot/share/prims/jni.cpp, line 1362]
Event: 11860.097 Thread 0x0000019134404000 Exception <a 'java/lang/NoSuchMethodError'{0x00000000eed05e80}: <clinit>> (0x00000000eed05e80) thrown at [./src/hotspot/share/prims/jni.cpp, line 1362]
Event: 11875.864 Thread 0x0000019134351000 Implicit null exception at 0x0000019125f1f2b1 to 0x0000019125f20754
Event: 11875.864 Thread 0x0000019134351000 Implicit null exception at 0x00000191260d8955 to 0x00000191260d8a00
Event: 12055.707 Thread 0x00000191343fe800 Exception <a 'java/lang/NoSuchMethodError'{0x00000000eb3e69a0}: 'java.lang.Object java.lang.invoke.DelegatingMethodHandle$Holder.reinvoke_L(java.lang.Object, java.lang.Object, java.lang.Object, java.lang.Object, java.lang.Object, java.lang.Object, java.lang.Object, java.lang.Object, java.lang.Object, java.lang.Object, java.lang.Object, java.lang.Object, java.lang.Object, java.lang.Object, java.lang.Object, java.lang.Object, java.lang.Object, java.lang.Object, java.lang.Object)'> (0x00000000eb3e69a0) thrown
Event: 12055.710 Thread 0x00000191343fe800 Exception <a 'java/lang/NoSuchMethodError'{0x00000000eb2447c8}: 'java.lang.Object java.lang.invoke.DelegatingMethodHandle$Holder.reinvoke_L(java.lang.Object, java.lang.Object, java.lang.Object, java.lang.Object, java.lang.Object, java.lang.Object, java.lang.Object, java.lang.Object, java.lang.Object, java.lang.Object, java.lang.Object, java.lang.Object, java.lang.Object, java.lang.Object, java.lang.Object, java.lang.Object, java.lang.Object, java.lang.Object)'> (0x00000000eb2447c8) thrown at [./src/hotspot
Event: 12065.496 Thread 0x00000191343fe800 Exception <a 'sun/nio/fs/WindowsException'{0x00000000ec248190}> (0x00000000ec248190) thrown at [./src/hotspot/share/prims/jni.cpp, line 615]
Event: 12066.007 Thread 0x0000019134401800 Implicit null exception at 0x00000191261b6d8f to 0x00000191261b8004
Event: 12256.553 Thread 0x00000191343fe800 Exception <a 'sun/nio/fs/WindowsException'{0x00000000ef3e9888}> (0x00000000ef3e9888) thrown at [./src/hotspot/share/prims/jni.cpp, line 615]
Event: 12257.586 Thread 0x0000019134405000 Implicit null exception at 0x0000019126391dc0 to 0x00000191263928e4
Event: 12259.076 Thread 0x000001913413f000 Implicit null exception at 0x0000019125669778 to 0x0000019125669884
Event: 12267.607 Thread 0x000001913aba7000 Exception <a 'java/io/IOException'{0x00000000ec84bc58}> (0x00000000ec84bc58) thrown at [./src/hotspot/share/prims/jni.cpp, line 615]
Event: 12267.632 Thread 0x000001913413f000 Exception <a 'java/io/IOException'{0x00000000ec816040}> (0x00000000ec816040) thrown at [./src/hotspot/share/prims/jni.cpp, line 615]
Event: 12267.639 Thread 0x000001913413f000 Exception <a 'java/lang/reflect/InvocationTargetException'{0x00000000ec894ab0}> (0x00000000ec894ab0) thrown at [./src/hotspot/share/runtime/reflection.cpp, line 1247]
Event: 12267.688 Thread 0x00000191343fc000 Exception <a 'java/lang/NoSuchMethodError'{0x00000000ec6a6e38}: <clinit>> (0x00000000ec6a6e38) thrown at [./src/hotspot/share/prims/jni.cpp, line 1362]
Event: 12267.715 Thread 0x00000191343fc000 Exception <a 'java/lang/NoSuchMethodError'{0x00000000ec6ed548}: <clinit>> (0x00000000ec6ed548) thrown at [./src/hotspot/share/prims/jni.cpp, line 1362]

Events (20 events):
Event: 12267.758 loading class org/gradle/internal/logging/text/LinePrefixingStyledTextOutput done
Event: 12267.758 Executing VM operation: Deoptimize
Event: 12267.769 Executing VM operation: Deoptimize done
Event: 12267.769 loading class org/gradle/internal/buildevents/BuildExceptionReporter$1
Event: 12267.769 loading class org/gradle/internal/buildevents/BuildExceptionReporter$1 done
Event: 12267.774 loading class org/gradle/tooling/internal/provider/serialization/DefaultPayloadClassLoaderRegistry$1
Event: 12267.774 loading class org/gradle/tooling/internal/provider/serialization/DefaultPayloadClassLoaderRegistry$1 done
Event: 12267.775 loading class org/gradle/tooling/internal/provider/serialization/WellKnownClassLoaderRegistry$1
Event: 12267.775 loading class org/gradle/tooling/internal/provider/serialization/WellKnownClassLoaderRegistry$1 done
Event: 12267.779 loading class org/gradle/tooling/internal/provider/serialization/DefaultPayloadClassLoaderRegistry$ClassLoaderSpecVisitor
Event: 12267.779 loading class org/gradle/tooling/internal/provider/serialization/DefaultPayloadClassLoaderRegistry$ClassLoaderSpecVisitor done
Event: 12267.779 Executing VM operation: Deoptimize
Event: 12267.785 Executing VM operation: Deoptimize done
Event: 12267.788 Executing VM operation: RevokeBias
Event: 12267.789 Executing VM operation: RevokeBias done
Event: 12267.795 Thread 0x000001913413f000 Thread exited: 0x000001913413f000
Event: 12267.798 Executing VM operation: BulkRevokeBias
Event: 12267.801 Executing VM operation: BulkRevokeBias done
Event: 12267.805 loading class java/io/NotSerializableException
Event: 12267.805 loading class java/io/NotSerializableException done


Dynamic libraries:
0x00007ff78b5f0000 - 0x00007ff78b5fa000 	C:\Program Files\Android\Android Studio\jre\bin\java.exe
0x00007fff3a770000 - 0x00007fff3a965000 	C:\Windows\SYSTEM32\ntdll.dll
0x00007fff39510000 - 0x00007fff395ce000 	C:\Windows\System32\KERNEL32.DLL
0x00007fff37f80000 - 0x00007fff38248000 	C:\Windows\System32\KERNELBASE.dll
0x00007fff38280000 - 0x00007fff38380000 	C:\Windows\System32\ucrtbase.dll
0x00007fff06350000 - 0x00007fff06369000 	C:\Program Files\Android\Android Studio\jre\bin\jli.dll
0x00007fff04c10000 - 0x00007fff04c27000 	C:\Program Files\Android\Android Studio\jre\bin\VCRUNTIME140.dll
0x00007fff38870000 - 0x00007fff38a11000 	C:\Windows\System32\USER32.dll
0x00007fff386f0000 - 0x00007fff38712000 	C:\Windows\System32\win32u.dll
0x00007fff39410000 - 0x00007fff3943b000 	C:\Windows\System32\GDI32.dll
0x00007fff385e0000 - 0x00007fff386eb000 	C:\Windows\System32\gdi32full.dll
0x00007fff38720000 - 0x00007fff387bd000 	C:\Windows\System32\msvcp_win.dll
0x00007fff23fb0000 - 0x00007fff2424a000 	C:\Windows\WinSxS\amd64_microsoft.windows.common-controls_6595b64144ccf1df_6.0.19041.1110_none_60b5254171f9507e\COMCTL32.dll
0x00007fff387d0000 - 0x00007fff3886e000 	C:\Windows\System32\msvcrt.dll
0x00007fff39360000 - 0x00007fff39390000 	C:\Windows\System32\IMM32.DLL
0x00007ffeb4ca0000 - 0x00007ffeb4d3d000 	C:\Program Files\Android\Android Studio\jre\bin\msvcp140.dll
0x00007ffea3b80000 - 0x00007ffea464f000 	C:\Program Files\Android\Android Studio\jre\bin\server\jvm.dll
0x00007fff3a110000 - 0x00007fff3a1bc000 	C:\Windows\System32\ADVAPI32.dll
0x00007fff3a400000 - 0x00007fff3a49b000 	C:\Windows\System32\sechost.dll
0x00007fff3a5a0000 - 0x00007fff3a6ca000 	C:\Windows\System32\RPCRT4.dll
0x00007fff3a1c0000 - 0x00007fff3a1c8000 	C:\Windows\System32\PSAPI.DLL
0x00007fff0c370000 - 0x00007fff0c379000 	C:\Windows\SYSTEM32\WSOCK32.dll
0x00007fff3a4a0000 - 0x00007fff3a50b000 	C:\Windows\System32\WS2_32.dll
0x00007fff22560000 - 0x00007fff22587000 	C:\Windows\SYSTEM32\WINMM.dll
0x00007fff2f4d0000 - 0x00007fff2f4da000 	C:\Windows\SYSTEM32\VERSION.dll
0x00007fff36710000 - 0x00007fff36722000 	C:\Windows\SYSTEM32\kernel.appcore.dll
0x00007fff04ab0000 - 0x00007fff04ac1000 	C:\Program Files\Android\Android Studio\jre\bin\verify.dll
0x00007fff35c80000 - 0x00007fff35e64000 	C:\Windows\SYSTEM32\DBGHELP.DLL
0x00007fff1dc50000 - 0x00007fff1dc7c000 	C:\Windows\SYSTEM32\dbgcore.DLL
0x00007fff37e90000 - 0x00007fff37f13000 	C:\Windows\System32\bcryptPrimitives.dll
0x00007ffee6aa0000 - 0x00007ffee6ac9000 	C:\Program Files\Android\Android Studio\jre\bin\java.dll
0x00007fff0bb80000 - 0x00007fff0bb8b000 	C:\Program Files\Android\Android Studio\jre\bin\jimage.dll
0x00007ffee9730000 - 0x00007ffee9748000 	C:\Program Files\Android\Android Studio\jre\bin\zip.dll
0x00007fff38a20000 - 0x00007fff3915f000 	C:\Windows\System32\SHELL32.dll
0x00007fff35f70000 - 0x00007fff36700000 	C:\Windows\SYSTEM32\windows.storage.dll
0x00007fff39850000 - 0x00007fff39ba5000 	C:\Windows\System32\combase.dll
0x00007fff378e0000 - 0x00007fff3790e000 	C:\Windows\SYSTEM32\Wldp.dll
0x00007fff3a350000 - 0x00007fff3a3fd000 	C:\Windows\System32\SHCORE.dll
0x00007fff397f0000 - 0x00007fff39845000 	C:\Windows\System32\shlwapi.dll
0x00007fff37dd0000 - 0x00007fff37def000 	C:\Windows\SYSTEM32\profapi.dll
0x00007ffee6900000 - 0x00007ffee691a000 	C:\Program Files\Android\Android Studio\jre\bin\net.dll
0x00007fff27430000 - 0x00007fff2753c000 	C:\Windows\SYSTEM32\WINHTTP.dll
0x00007fff37640000 - 0x00007fff376aa000 	C:\Windows\system32\mswsock.dll
0x00007ffee5b60000 - 0x00007ffee5b74000 	C:\Program Files\Android\Android Studio\jre\bin\nio.dll
0x00007ffee19c0000 - 0x00007ffee19e7000 	C:\Users\50374464812\.gradle\native\49d0259a56938c7f99b2704e745ce422c4f750a7a20b539a32ccef96729676b1\windows-amd64\native-platform.dll
0x00007ffeb4b00000 - 0x00007ffeb4c96000 	C:\Users\50374464812\.gradle\native\12488b8bf47d2d4c9fbf2f6322a914ad602e24e48041cd04a747c6da556b65c4\windows-amd64\native-platform-file-events.dll
0x00007fff0ad00000 - 0x00007fff0ad0a000 	C:\Program Files\Android\Android Studio\jre\bin\management.dll
0x00007fff0a4c0000 - 0x00007fff0a4cc000 	C:\Program Files\Android\Android Studio\jre\bin\management_ext.dll
0x00007fff37830000 - 0x00007fff37848000 	C:\Windows\SYSTEM32\CRYPTSP.dll
0x00007fff36f50000 - 0x00007fff36f84000 	C:\Windows\system32\rsaenh.dll
0x00007fff38250000 - 0x00007fff38277000 	C:\Windows\System32\bcrypt.dll
0x00007fff37d90000 - 0x00007fff37dbe000 	C:\Windows\SYSTEM32\USERENV.dll
0x00007fff37850000 - 0x00007fff3785c000 	C:\Windows\SYSTEM32\CRYPTBASE.dll
0x00007fff372e0000 - 0x00007fff3731b000 	C:\Windows\SYSTEM32\IPHLPAPI.DLL
0x00007fff397e0000 - 0x00007fff397e8000 	C:\Windows\System32\NSI.dll
0x00007fff321b0000 - 0x00007fff321c7000 	C:\Windows\SYSTEM32\dhcpcsvc6.DLL
0x00007fff32090000 - 0x00007fff320ad000 	C:\Windows\SYSTEM32\dhcpcsvc.DLL
0x00007fff37330000 - 0x00007fff373fb000 	C:\Windows\SYSTEM32\DNSAPI.dll
0x00007fff26c60000 - 0x00007fff26c6a000 	C:\Windows\System32\rasadhlp.dll
0x00007fff34350000 - 0x00007fff343cf000 	C:\Windows\System32\fwpuclnt.dll
0x00007fff04b70000 - 0x00007fff04b97000 	C:\Program Files\Android\Android Studio\jre\bin\sunec.dll

dbghelp: loaded successfully - version: 4.0.5 - missing functions: none
symbol engine: initialized successfully - sym options: 0x614 - pdb path: .;C:\Program Files\Android\Android Studio\jre\bin;C:\Windows\SYSTEM32;C:\Windows\WinSxS\amd64_microsoft.windows.common-controls_6595b64144ccf1df_6.0.19041.1110_none_60b5254171f9507e;C:\Program Files\Android\Android Studio\jre\bin\server;C:\Users\50374464812\.gradle\native\49d0259a56938c7f99b2704e745ce422c4f750a7a20b539a32ccef96729676b1\windows-amd64;C:\Users\50374464812\.gradle\native\12488b8bf47d2d4c9fbf2f6322a914ad602e24e48041cd04a747c6da556b65c4\windows-amd64

VM Arguments:
jvm_args: --add-opens=java.base/java.util=ALL-UNNAMED --add-opens=java.base/java.lang=ALL-UNNAMED --add-opens=java.base/java.lang.invoke=ALL-UNNAMED --add-opens=java.prefs/java.util.prefs=ALL-UNNAMED -XX:MaxMetaspaceSize=256m -XX:+HeapDumpOnOutOfMemoryError -Xms256m -Xmx512m -Dfile.encoding=windows-1252 -Duser.country=BR -Duser.language=pt -Duser.variant 
java_command: org.gradle.launcher.daemon.bootstrap.GradleDaemon 6.9
java_class_path (initial): C:\Users\50374464812\.gradle\wrapper\dists\gradle-6.9-all\dooywd8nv05k16orzxge2b1bs\gradle-6.9\lib\gradle-launcher-6.9.jar
Launcher Type: SUN_STANDARD

[Global flags]
     intx CICompilerCount                          = 3                                         {product} {ergonomic}
   size_t CompressedClassSpaceSize                 = 260046848                                 {product} {ergonomic}
     uint ConcGCThreads                            = 1                                         {product} {ergonomic}
     uint G1ConcRefinementThreads                  = 4                                         {product} {ergonomic}
   size_t G1HeapRegionSize                         = 1048576                                   {product} {ergonomic}
    uintx GCDrainStackTargetSize                   = 64                                        {product} {ergonomic}
     bool HeapDumpOnOutOfMemoryError               = true                                   {manageable} {command line}
   size_t InitialHeapSize                          = 268435456                                 {product} {command line}
   size_t MarkStackSize                            = 4194304                                   {product} {ergonomic}
   size_t MaxHeapSize                              = 536870912                                 {product} {command line}
   size_t MaxMetaspaceSize                         = 268435456                                 {product} {command line}
   size_t MaxNewSize                               = 321912832                                 {product} {ergonomic}
   size_t MinHeapDeltaBytes                        = 1048576                                   {product} {ergonomic}
    uintx NonNMethodCodeHeapSize                   = 5830732                                {pd product} {ergonomic}
    uintx NonProfiledCodeHeapSize                  = 122913754                              {pd product} {ergonomic}
    uintx ProfiledCodeHeapSize                     = 122913754                              {pd product} {ergonomic}
    uintx ReservedCodeCacheSize                    = 251658240                              {pd product} {ergonomic}
     bool SegmentedCodeCache                       = true                                      {product} {ergonomic}
     bool UseCompressedClassPointers               = true                                 {lp64_product} {ergonomic}
     bool UseCompressedOops                        = true                                 {lp64_product} {ergonomic}
     bool UseG1GC                                  = true                                      {product} {ergonomic}
     bool UseLargePagesIndividualAllocation        = false                                  {pd product} {ergonomic}

Logging:
Log output configuration:
 #0: stdout all=warning uptime,level,tags
 #1: stderr all=off uptime,level,tags

Environment Variables:
JAVA_HOME=C:\Program Files\Android\Android Studio\jre
CLASSPATH=C:\Users\50374464812\Desktop\SP\SPMEDICALGROUPNOVO\Mobile-SPMed\SPMed\android\\gradle\wrapper\gradle-wrapper.jar
PATH=C:\Users\50374464812\Desktop\SP\SPMEDICALGROUPNOVO\Mobile-SPMed\SPMed\android\node_modules\.bin;C:\Users\50374464812\Desktop\SP\SPMEDICALGROUPNOVO\Mobile-SPMed\SPMed\node_modules\.bin;C:\Users\50374464812\Desktop\SP\SPMEDICALGROUPNOVO\Mobile-SPMed\node_modules\.bin;C:\Users\50374464812\Desktop\SP\SPMEDICALGROUPNOVO\node_modules\.bin;C:\Users\50374464812\Desktop\SP\node_modules\.bin;C:\Users\50374464812\Desktop\node_modules\.bin;C:\Users\50374464812\node_modules\.bin;C:\Users\node_modules\.bin;C:\node_modules\.bin;C:\Program Files\nodejs;C:\Users\50374464812\Desktop\SP\SPMEDICALGROUPNOVO\Mobile-SPMed\SPMed\node_modules\.bin;C:\Windows\system32;C:\Windows;C:\Windows\System32\Wbem;C:\Windows\System32\WindowsPowerShell\v1.0\;C:\Windows\System32\OpenSSH\;C:\Program Files\dotnet\;C:\Program Files\nodejs\;C:\Program Files\Microsoft VS Code\bin;C:\Program Files\Git\cmd;C:\Program Files (x86)\Microsoft SQL Server\150\Tools\Binn\;C:\Program Files\Microsoft SQL Server\150\Tools\Binn\;C:\Program Files (x86)\Microsoft SQL Server\150\DTS\Binn\;C:\Program Files\Microsoft SQL Server\150\DTS\Binn\;C:\Program Files\Microsoft SQL Server\Client SDK\ODBC\170\Tools\Binn\;C:\Program Files\Azure Data Studio\bin;C:\Program Files\Microsoft SQL Server\130\Tools\Binn\;C:\Users\50374464812\AppData\Local\Microsoft\WindowsApps;C:\Users\50374464812\.dotnet\tools
USERNAME=50374464812
OS=Windows_NT
PROCESSOR_IDENTIFIER=Intel64 Family 6 Model 142 Stepping 9, GenuineIntel



---------------  S Y S T E M  ---------------

OS: Windows 10 , 64 bit Build 19041 (10.0.19041.1348)
OS uptime: 1 days 3:14 hours

CPU:total 4 (initial active 4) (2 cores per cpu, 2 threads per core) family 6 model 142 stepping 9 microcode 0xb4, cmov, cx8, fxsr, mmx, sse, sse2, sse3, ssse3, sse4.1, sse4.2, popcnt, avx, avx2, aes, clmul, erms, 3dnowpref, lzcnt, ht, tsc, tscinvbit, bmi1, bmi2, adx, fma

Memory: 4k page, system-wide physical 16282M (2990M free)
TotalPageFile size 16282M (AvailPageFile size 2M)
current process WorkingSet (physical memory assigned to process): 527M, peak: 545M
current process commit charge ("private bytes"): 621M, peak: 627M

vm_info: OpenJDK 64-Bit Server VM (11.0.10+0-b96-7249189) for windows-amd64 JRE (11.0.10+0-b96-7249189), built on Mar 31 2021 21:44:00 by "builder" with MS VC++ 14.0 (VS2015)

END.
